setGPU: Setting GPU to: 0
2020-10-06 11:21:37.338036: W tensorflow/stream_executor/platform/default/dso_loader.cc:55] Could not load dynamic library 'libnvinfer.so.6'; dlerror: libnvinfer.so.6: cannot open shared object file: No such file or directory; LD_LIBRARY_PATH: /usr/local/cuda-10.1/lib64::/afs/cern.ch/user/k/kiwoznia/.local/lib:/afs/cern.ch/user/k/kiwoznia/software/cuda/lib64:/eos/home-k/kiwoznia/software/cuda-10.1/lib64:/usr/local/cuda-10.1/lib64
2020-10-06 11:21:37.342109: W tensorflow/stream_executor/platform/default/dso_loader.cc:55] Could not load dynamic library 'libnvinfer_plugin.so.6'; dlerror: libnvinfer_plugin.so.6: cannot open shared object file: No such file or directory; LD_LIBRARY_PATH: /usr/local/cuda-10.1/lib64::/afs/cern.ch/user/k/kiwoznia/.local/lib:/afs/cern.ch/user/k/kiwoznia/software/cuda/lib64:/eos/home-k/kiwoznia/software/cuda-10.1/lib64:/usr/local/cuda-10.1/lib64
2020-10-06 11:21:37.342151: W tensorflow/compiler/tf2tensorrt/utils/py_utils.cc:30] Cannot dlopen some TensorRT libraries. If you would like to use Nvidia GPU with TensorRT, please make sure the missing libraries mentioned above are installed properly.
2020-10-06 11:21:43.066061: I tensorflow/stream_executor/platform/default/dso_loader.cc:44] Successfully opened dynamic library libcuda.so.1
2020-10-06 11:21:47.907488: I tensorflow/core/common_runtime/gpu/gpu_device.cc:1555] Found device 0 with properties: 
pciBusID: 0000:05:00.0 name: GeForce GTX 1080 Ti computeCapability: 6.1
coreClock: 1.582GHz coreCount: 28 deviceMemorySize: 10.92GiB deviceMemoryBandwidth: 451.17GiB/s
2020-10-06 11:21:47.907906: I tensorflow/stream_executor/platform/default/dso_loader.cc:44] Successfully opened dynamic library libcudart.so.10.1
2020-10-06 11:21:51.581423: I tensorflow/stream_executor/platform/default/dso_loader.cc:44] Successfully opened dynamic library libcublas.so.10
2020-10-06 11:21:51.586226: I tensorflow/stream_executor/platform/default/dso_loader.cc:44] Successfully opened dynamic library libcufft.so.10
2020-10-06 11:21:51.586982: I tensorflow/stream_executor/platform/default/dso_loader.cc:44] Successfully opened dynamic library libcurand.so.10
2020-10-06 11:21:51.591897: I tensorflow/stream_executor/platform/default/dso_loader.cc:44] Successfully opened dynamic library libcusolver.so.10
2020-10-06 11:21:51.594406: I tensorflow/stream_executor/platform/default/dso_loader.cc:44] Successfully opened dynamic library libcusparse.so.10
2020-10-06 11:21:51.606854: I tensorflow/stream_executor/platform/default/dso_loader.cc:44] Successfully opened dynamic library libcudnn.so.7
2020-10-06 11:21:51.609791: I tensorflow/core/common_runtime/gpu/gpu_device.cc:1697] Adding visible gpu devices: 0
2020-10-06 11:21:51.611095: I tensorflow/core/platform/cpu_feature_guard.cc:142] Your CPU supports instructions that this TensorFlow binary was not compiled to use: AVX2 FMA
2020-10-06 11:21:51.634321: I tensorflow/core/platform/profile_utils/cpu_utils.cc:94] CPU Frequency: 2200010000 Hz
2020-10-06 11:21:51.642991: I tensorflow/compiler/xla/service/service.cc:168] XLA service 0x5ef3f90 initialized for platform Host (this does not guarantee that XLA will be used). Devices:
2020-10-06 11:21:51.643041: I tensorflow/compiler/xla/service/service.cc:176]   StreamExecutor device (0): Host, Default Version
2020-10-06 11:21:51.769390: I tensorflow/compiler/xla/service/service.cc:168] XLA service 0x56df980 initialized for platform CUDA (this does not guarantee that XLA will be used). Devices:
2020-10-06 11:21:51.769441: I tensorflow/compiler/xla/service/service.cc:176]   StreamExecutor device (0): GeForce GTX 1080 Ti, Compute Capability 6.1
2020-10-06 11:21:51.771004: I tensorflow/core/common_runtime/gpu/gpu_device.cc:1555] Found device 0 with properties: 
pciBusID: 0000:05:00.0 name: GeForce GTX 1080 Ti computeCapability: 6.1
coreClock: 1.582GHz coreCount: 28 deviceMemorySize: 10.92GiB deviceMemoryBandwidth: 451.17GiB/s
2020-10-06 11:21:51.771087: I tensorflow/stream_executor/platform/default/dso_loader.cc:44] Successfully opened dynamic library libcudart.so.10.1
2020-10-06 11:21:51.771121: I tensorflow/stream_executor/platform/default/dso_loader.cc:44] Successfully opened dynamic library libcublas.so.10
2020-10-06 11:21:51.771149: I tensorflow/stream_executor/platform/default/dso_loader.cc:44] Successfully opened dynamic library libcufft.so.10
2020-10-06 11:21:51.771175: I tensorflow/stream_executor/platform/default/dso_loader.cc:44] Successfully opened dynamic library libcurand.so.10
2020-10-06 11:21:51.771202: I tensorflow/stream_executor/platform/default/dso_loader.cc:44] Successfully opened dynamic library libcusolver.so.10
2020-10-06 11:21:51.771228: I tensorflow/stream_executor/platform/default/dso_loader.cc:44] Successfully opened dynamic library libcusparse.so.10
2020-10-06 11:21:51.771254: I tensorflow/stream_executor/platform/default/dso_loader.cc:44] Successfully opened dynamic library libcudnn.so.7
2020-10-06 11:21:51.774364: I tensorflow/core/common_runtime/gpu/gpu_device.cc:1697] Adding visible gpu devices: 0
2020-10-06 11:21:51.774441: I tensorflow/stream_executor/platform/default/dso_loader.cc:44] Successfully opened dynamic library libcudart.so.10.1
2020-10-06 11:21:51.777454: I tensorflow/core/common_runtime/gpu/gpu_device.cc:1096] Device interconnect StreamExecutor with strength 1 edge matrix:
2020-10-06 11:21:51.777487: I tensorflow/core/common_runtime/gpu/gpu_device.cc:1102]      0 
2020-10-06 11:21:51.777506: I tensorflow/core/common_runtime/gpu/gpu_device.cc:1115] 0:   N 
2020-10-06 11:21:51.780837: I tensorflow/core/common_runtime/gpu/gpu_device.cc:1241] Created TensorFlow device (/job:localhost/replica:0/task:0/device:GPU:0 with 10489 MB memory) -> physical GPU (device: 0, name: GeForce GTX 1080 Ti, pci bus id: 0000:05:00.0, compute capability: 6.1)
beta factor:  0.1
