setGPU: Setting GPU to: 4
2020-07-28 12:14:05.332843: W tensorflow/stream_executor/platform/default/dso_loader.cc:55] Could not load dynamic library 'libnvinfer.so.6'; dlerror: libnvinfer.so.6: cannot open shared object file: No such file or directory; LD_LIBRARY_PATH: :/afs/cern.ch/user/k/kiwoznia/.local/lib:/afs/cern.ch/user/k/kiwoznia/software/cuda/lib64:/usr/local/cuda-10.1/lib64
2020-07-28 12:14:05.333245: W tensorflow/stream_executor/platform/default/dso_loader.cc:55] Could not load dynamic library 'libnvinfer_plugin.so.6'; dlerror: libnvinfer_plugin.so.6: cannot open shared object file: No such file or directory; LD_LIBRARY_PATH: :/afs/cern.ch/user/k/kiwoznia/.local/lib:/afs/cern.ch/user/k/kiwoznia/software/cuda/lib64:/usr/local/cuda-10.1/lib64
2020-07-28 12:14:05.333261: W tensorflow/compiler/tf2tensorrt/utils/py_utils.cc:30] Cannot dlopen some TensorRT libraries. If you would like to use Nvidia GPU with TensorRT, please make sure the missing libraries mentioned above are installed properly.
2020-07-28 12:14:07.246567: I tensorflow/stream_executor/platform/default/dso_loader.cc:44] Successfully opened dynamic library libcuda.so.1
2020-07-28 12:14:07.450282: I tensorflow/core/common_runtime/gpu/gpu_device.cc:1555] Found device 0 with properties: 
pciBusID: 0000:83:00.0 name: GeForce GTX 1080 Ti computeCapability: 6.1
coreClock: 1.582GHz coreCount: 28 deviceMemorySize: 10.92GiB deviceMemoryBandwidth: 451.17GiB/s
2020-07-28 12:14:07.452565: I tensorflow/stream_executor/platform/default/dso_loader.cc:44] Successfully opened dynamic library libcudart.so.10.1
2020-07-28 12:14:07.471966: I tensorflow/stream_executor/platform/default/dso_loader.cc:44] Successfully opened dynamic library libcublas.so.10
2020-07-28 12:14:07.484286: I tensorflow/stream_executor/platform/default/dso_loader.cc:44] Successfully opened dynamic library libcufft.so.10
2020-07-28 12:14:07.487706: I tensorflow/stream_executor/platform/default/dso_loader.cc:44] Successfully opened dynamic library libcurand.so.10
2020-07-28 12:14:07.510007: I tensorflow/stream_executor/platform/default/dso_loader.cc:44] Successfully opened dynamic library libcusolver.so.10
2020-07-28 12:14:07.515635: I tensorflow/stream_executor/platform/default/dso_loader.cc:44] Successfully opened dynamic library libcusparse.so.10
2020-07-28 12:14:07.524992: I tensorflow/stream_executor/platform/default/dso_loader.cc:44] Successfully opened dynamic library libcudnn.so.7
2020-07-28 12:14:07.533544: I tensorflow/core/common_runtime/gpu/gpu_device.cc:1697] Adding visible gpu devices: 0
2020-07-28 12:14:07.534190: I tensorflow/core/platform/cpu_feature_guard.cc:142] Your CPU supports instructions that this TensorFlow binary was not compiled to use: AVX2 FMA
2020-07-28 12:14:07.559733: I tensorflow/core/platform/profile_utils/cpu_utils.cc:94] CPU Frequency: 2200015000 Hz
2020-07-28 12:14:07.566252: I tensorflow/compiler/xla/service/service.cc:168] XLA service 0x614a620 initialized for platform Host (this does not guarantee that XLA will be used). Devices:
2020-07-28 12:14:07.566293: I tensorflow/compiler/xla/service/service.cc:176]   StreamExecutor device (0): Host, Default Version
2020-07-28 12:14:08.010893: I tensorflow/compiler/xla/service/service.cc:168] XLA service 0x61b0b60 initialized for platform CUDA (this does not guarantee that XLA will be used). Devices:
2020-07-28 12:14:08.010935: I tensorflow/compiler/xla/service/service.cc:176]   StreamExecutor device (0): GeForce GTX 1080 Ti, Compute Capability 6.1
2020-07-28 12:14:08.016348: I tensorflow/core/common_runtime/gpu/gpu_device.cc:1555] Found device 0 with properties: 
pciBusID: 0000:83:00.0 name: GeForce GTX 1080 Ti computeCapability: 6.1
coreClock: 1.582GHz coreCount: 28 deviceMemorySize: 10.92GiB deviceMemoryBandwidth: 451.17GiB/s
2020-07-28 12:14:08.016419: I tensorflow/stream_executor/platform/default/dso_loader.cc:44] Successfully opened dynamic library libcudart.so.10.1
2020-07-28 12:14:08.016443: I tensorflow/stream_executor/platform/default/dso_loader.cc:44] Successfully opened dynamic library libcublas.so.10
2020-07-28 12:14:08.016462: I tensorflow/stream_executor/platform/default/dso_loader.cc:44] Successfully opened dynamic library libcufft.so.10
2020-07-28 12:14:08.016480: I tensorflow/stream_executor/platform/default/dso_loader.cc:44] Successfully opened dynamic library libcurand.so.10
2020-07-28 12:14:08.016499: I tensorflow/stream_executor/platform/default/dso_loader.cc:44] Successfully opened dynamic library libcusolver.so.10
2020-07-28 12:14:08.016517: I tensorflow/stream_executor/platform/default/dso_loader.cc:44] Successfully opened dynamic library libcusparse.so.10
2020-07-28 12:14:08.016536: I tensorflow/stream_executor/platform/default/dso_loader.cc:44] Successfully opened dynamic library libcudnn.so.7
2020-07-28 12:14:08.034652: I tensorflow/core/common_runtime/gpu/gpu_device.cc:1697] Adding visible gpu devices: 0
2020-07-28 12:14:08.034713: I tensorflow/stream_executor/platform/default/dso_loader.cc:44] Successfully opened dynamic library libcudart.so.10.1
2020-07-28 12:14:08.049331: I tensorflow/core/common_runtime/gpu/gpu_device.cc:1096] Device interconnect StreamExecutor with strength 1 edge matrix:
2020-07-28 12:14:08.049358: I tensorflow/core/common_runtime/gpu/gpu_device.cc:1102]      0 
2020-07-28 12:14:08.049371: I tensorflow/core/common_runtime/gpu/gpu_device.cc:1115] 0:   N 
2020-07-28 12:14:08.068808: I tensorflow/core/common_runtime/gpu/gpu_device.cc:1241] Created TensorFlow device (/job:localhost/replica:0/task:0/device:GPU:0 with 10481 MB memory) -> physical GPU (device: 0, name: GeForce GTX 1080 Ti, pci bus id: 0000:83:00.0, compute capability: 6.1)
WARNING:tensorflow:No training configuration found in save file: the model was *not* compiled. Compile it manually.
WARNING:tensorflow:No training configuration found in save file: the model was *not* compiled. Compile it manually.
predicting QCD signalregion
2020-07-28 12:14:55.089330: I tensorflow/stream_executor/platform/default/dso_loader.cc:44] Successfully opened dynamic library libcublas.so.10
2020-07-28 12:14:55.535172: I tensorflow/stream_executor/platform/default/dso_loader.cc:44] Successfully opened dynamic library libcudnn.so.7
writing results for QCD signalregion to results/run_101
predicting $G(1.5 TeV)\to WW$ narrow
writing results for $G(1.5 TeV)\to WW$ narrow to results/run_101
predicting $G(1.5 TeV)\to WW$ broad
writing results for $G(1.5 TeV)\to WW$ broad to results/run_101
predicting $G(2.5 TeV)\to WW$ narrow
writing results for $G(2.5 TeV)\to WW$ narrow to results/run_101
predicting $G(2.5 TeV)\to WW$ broad
writing results for $G(2.5 TeV)\to WW$ broad to results/run_101
predicting $G(4.5 TeV)\to WW$ narrow
writing results for $G(4.5 TeV)\to WW$ narrow to results/run_101
predicting $G(4.5 TeV)\to WW$ broad
writing results for $G(4.5 TeV)\to WW$ broad to results/run_101
