setGPU: Setting GPU to: 0
2021-01-07 16:30:38.115576: I tensorflow/stream_executor/platform/default/dso_loader.cc:48] Successfully opened dynamic library libcudart.so.10.1
2021-01-07 16:30:40.394793: I tensorflow/stream_executor/platform/default/dso_loader.cc:48] Successfully opened dynamic library libcuda.so.1
2021-01-07 16:30:43.967067: I tensorflow/core/common_runtime/gpu/gpu_device.cc:1716] Found device 0 with properties: 
pciBusID: 0000:18:00.0 name: Tesla T4 computeCapability: 7.5
coreClock: 1.59GHz coreCount: 40 deviceMemorySize: 14.75GiB deviceMemoryBandwidth: 298.08GiB/s
2021-01-07 16:30:43.967174: I tensorflow/stream_executor/platform/default/dso_loader.cc:48] Successfully opened dynamic library libcudart.so.10.1
2021-01-07 16:30:43.992320: I tensorflow/stream_executor/platform/default/dso_loader.cc:48] Successfully opened dynamic library libcublas.so.10
2021-01-07 16:30:43.997637: I tensorflow/stream_executor/platform/default/dso_loader.cc:48] Successfully opened dynamic library libcufft.so.10
2021-01-07 16:30:43.998455: I tensorflow/stream_executor/platform/default/dso_loader.cc:48] Successfully opened dynamic library libcurand.so.10
2021-01-07 16:30:44.004327: I tensorflow/stream_executor/platform/default/dso_loader.cc:48] Successfully opened dynamic library libcusolver.so.10
2021-01-07 16:30:44.007107: I tensorflow/stream_executor/platform/default/dso_loader.cc:48] Successfully opened dynamic library libcusparse.so.10
2021-01-07 16:30:44.017394: I tensorflow/stream_executor/platform/default/dso_loader.cc:48] Successfully opened dynamic library libcudnn.so.7
2021-01-07 16:30:44.020187: I tensorflow/core/common_runtime/gpu/gpu_device.cc:1858] Adding visible gpu devices: 0
2021-01-07 16:30:44.020820: I tensorflow/core/platform/cpu_feature_guard.cc:142] This TensorFlow binary is optimized with oneAPI Deep Neural Network Library (oneDNN)to use the following CPU instructions in performance-critical operations:  AVX2 AVX512F FMA
To enable them in other operations, rebuild TensorFlow with the appropriate compiler flags.
2021-01-07 16:30:44.039820: I tensorflow/core/platform/profile_utils/cpu_utils.cc:104] CPU Frequency: 2200000000 Hz
2021-01-07 16:30:44.047746: I tensorflow/compiler/xla/service/service.cc:168] XLA service 0x505cf50 initialized for platform Host (this does not guarantee that XLA will be used). Devices:
2021-01-07 16:30:44.047794: I tensorflow/compiler/xla/service/service.cc:176]   StreamExecutor device (0): Host, Default Version
2021-01-07 16:30:44.201259: I tensorflow/compiler/xla/service/service.cc:168] XLA service 0x505fbe0 initialized for platform CUDA (this does not guarantee that XLA will be used). Devices:
2021-01-07 16:30:44.201353: I tensorflow/compiler/xla/service/service.cc:176]   StreamExecutor device (0): Tesla T4, Compute Capability 7.5
2021-01-07 16:30:44.205141: I tensorflow/core/common_runtime/gpu/gpu_device.cc:1716] Found device 0 with properties: 
pciBusID: 0000:18:00.0 name: Tesla T4 computeCapability: 7.5
coreClock: 1.59GHz coreCount: 40 deviceMemorySize: 14.75GiB deviceMemoryBandwidth: 298.08GiB/s
2021-01-07 16:30:44.205260: I tensorflow/stream_executor/platform/default/dso_loader.cc:48] Successfully opened dynamic library libcudart.so.10.1
2021-01-07 16:30:44.205338: I tensorflow/stream_executor/platform/default/dso_loader.cc:48] Successfully opened dynamic library libcublas.so.10
2021-01-07 16:30:44.205376: I tensorflow/stream_executor/platform/default/dso_loader.cc:48] Successfully opened dynamic library libcufft.so.10
2021-01-07 16:30:44.205413: I tensorflow/stream_executor/platform/default/dso_loader.cc:48] Successfully opened dynamic library libcurand.so.10
2021-01-07 16:30:44.205449: I tensorflow/stream_executor/platform/default/dso_loader.cc:48] Successfully opened dynamic library libcusolver.so.10
2021-01-07 16:30:44.205486: I tensorflow/stream_executor/platform/default/dso_loader.cc:48] Successfully opened dynamic library libcusparse.so.10
2021-01-07 16:30:44.205524: I tensorflow/stream_executor/platform/default/dso_loader.cc:48] Successfully opened dynamic library libcudnn.so.7
2021-01-07 16:30:44.211022: I tensorflow/core/common_runtime/gpu/gpu_device.cc:1858] Adding visible gpu devices: 0
2021-01-07 16:30:44.211118: I tensorflow/stream_executor/platform/default/dso_loader.cc:48] Successfully opened dynamic library libcudart.so.10.1
2021-01-07 16:30:44.954637: I tensorflow/core/common_runtime/gpu/gpu_device.cc:1257] Device interconnect StreamExecutor with strength 1 edge matrix:
2021-01-07 16:30:44.954700: I tensorflow/core/common_runtime/gpu/gpu_device.cc:1263]      0 
2021-01-07 16:30:44.954711: I tensorflow/core/common_runtime/gpu/gpu_device.cc:1276] 0:   N 
2021-01-07 16:30:44.958588: I tensorflow/core/common_runtime/gpu/gpu_device.cc:1402] Created TensorFlow device (/job:localhost/replica:0/task:0/device:GPU:0 with 13970 MB memory) -> physical GPU (device: 0, name: Tesla T4, pci bus id: 0000:18:00.0, compute capability: 7.5)
beta factor:  0.01
/eos/user/k/kiwoznia/data/VAE_data/events/qcd_sqrtshatTeV_13TeV_PU40_NEW_EXT_sideband_parts/qcd_sqrtshatTeV_13TeV_PU40_NEW_EXT_sideband_017.h5: 872162 j1 evts, 872162 j2 evts
predicting QCD sideband ext
2021-01-07 16:32:07.169064: I tensorflow/stream_executor/platform/default/dso_loader.cc:48] Successfully opened dynamic library libcublas.so.10
2021-01-07 16:32:07.434307: I tensorflow/stream_executor/platform/default/dso_loader.cc:48] Successfully opened dynamic library libcudnn.so.7
writing results for QCD sideband ext reco to /eos/user/k/kiwoznia/data/VAE_results/events/run_106/qcd_sqrtshatTeV_13TeV_PU40_NEW_EXT_sideband_parts/qcd_sqrtshatTeV_13TeV_PU40_NEW_EXT_sideband_017.h5
/eos/user/k/kiwoznia/data/VAE_data/events/qcd_sqrtshatTeV_13TeV_PU40_NEW_EXT_sideband_parts/qcd_sqrtshatTeV_13TeV_PU40_NEW_EXT_sideband_033.h5: 872557 j1 evts, 872557 j2 evts
predicting QCD sideband ext
writing results for QCD sideband ext reco to /eos/user/k/kiwoznia/data/VAE_results/events/run_106/qcd_sqrtshatTeV_13TeV_PU40_NEW_EXT_sideband_parts/qcd_sqrtshatTeV_13TeV_PU40_NEW_EXT_sideband_033.h5
/eos/user/k/kiwoznia/data/VAE_data/events/qcd_sqrtshatTeV_13TeV_PU40_NEW_EXT_sideband_parts/qcd_sqrtshatTeV_13TeV_PU40_NEW_EXT_sideband_023.h5: 870421 j1 evts, 870421 j2 evts
predicting QCD sideband ext
writing results for QCD sideband ext reco to /eos/user/k/kiwoznia/data/VAE_results/events/run_106/qcd_sqrtshatTeV_13TeV_PU40_NEW_EXT_sideband_parts/qcd_sqrtshatTeV_13TeV_PU40_NEW_EXT_sideband_023.h5
/eos/user/k/kiwoznia/data/VAE_data/events/qcd_sqrtshatTeV_13TeV_PU40_NEW_EXT_sideband_parts/qcd_sqrtshatTeV_13TeV_PU40_NEW_EXT_sideband_032.h5: 861401 j1 evts, 861401 j2 evts
predicting QCD sideband ext
writing results for QCD sideband ext reco to /eos/user/k/kiwoznia/data/VAE_results/events/run_106/qcd_sqrtshatTeV_13TeV_PU40_NEW_EXT_sideband_parts/qcd_sqrtshatTeV_13TeV_PU40_NEW_EXT_sideband_032.h5
/eos/user/k/kiwoznia/data/VAE_data/events/qcd_sqrtshatTeV_13TeV_PU40_NEW_EXT_sideband_parts/qcd_sqrtshatTeV_13TeV_PU40_NEW_EXT_sideband_005.h5: 872578 j1 evts, 872578 j2 evts
predicting QCD sideband ext
WARNING:tensorflow:5 out of the last 9 calls to <function total_loss at 0x7f71c473ab70> triggered tf.function retracing. Tracing is expensive and the excessive number of tracings could be due to (1) creating @tf.function repeatedly in a loop, (2) passing tensors with different shapes, (3) passing Python objects instead of tensors. For (1), please define your @tf.function outside of the loop. For (2), @tf.function has experimental_relax_shapes=True option that relaxes argument shapes that can avoid unnecessary retracing. For (3), please refer to https://www.tensorflow.org/tutorials/customization/performance#python_or_tensor_args and https://www.tensorflow.org/api_docs/python/tf/function for  more details.
writing results for QCD sideband ext reco to /eos/user/k/kiwoznia/data/VAE_results/events/run_106/qcd_sqrtshatTeV_13TeV_PU40_NEW_EXT_sideband_parts/qcd_sqrtshatTeV_13TeV_PU40_NEW_EXT_sideband_005.h5
/eos/user/k/kiwoznia/data/VAE_data/events/qcd_sqrtshatTeV_13TeV_PU40_NEW_signalregion_parts/qcd_sqrtshatTeV_13TeV_PU40_NEW_signalregion_008.h5: 860432 j1 evts, 860432 j2 evts
predicting QCD signalregion
WARNING:tensorflow:6 out of the last 11 calls to <function total_loss at 0x7f71c473ab70> triggered tf.function retracing. Tracing is expensive and the excessive number of tracings could be due to (1) creating @tf.function repeatedly in a loop, (2) passing tensors with different shapes, (3) passing Python objects instead of tensors. For (1), please define your @tf.function outside of the loop. For (2), @tf.function has experimental_relax_shapes=True option that relaxes argument shapes that can avoid unnecessary retracing. For (3), please refer to https://www.tensorflow.org/tutorials/customization/performance#python_or_tensor_args and https://www.tensorflow.org/api_docs/python/tf/function for  more details.
writing results for QCD signalregion reco to /eos/user/k/kiwoznia/data/VAE_results/events/run_106/qcd_sqrtshatTeV_13TeV_PU40_NEW_signalregion_parts/qcd_sqrtshatTeV_13TeV_PU40_NEW_signalregion_008.h5
/eos/user/k/kiwoznia/data/VAE_data/events/qcd_sqrtshatTeV_13TeV_PU40_NEW_signalregion_parts/qcd_sqrtshatTeV_13TeV_PU40_NEW_signalregion_007.h5: 858859 j1 evts, 858859 j2 evts
predicting QCD signalregion
WARNING:tensorflow:6 out of the last 11 calls to <function total_loss at 0x7f71c473ab70> triggered tf.function retracing. Tracing is expensive and the excessive number of tracings could be due to (1) creating @tf.function repeatedly in a loop, (2) passing tensors with different shapes, (3) passing Python objects instead of tensors. For (1), please define your @tf.function outside of the loop. For (2), @tf.function has experimental_relax_shapes=True option that relaxes argument shapes that can avoid unnecessary retracing. For (3), please refer to https://www.tensorflow.org/tutorials/customization/performance#python_or_tensor_args and https://www.tensorflow.org/api_docs/python/tf/function for  more details.
writing results for QCD signalregion reco to /eos/user/k/kiwoznia/data/VAE_results/events/run_106/qcd_sqrtshatTeV_13TeV_PU40_NEW_signalregion_parts/qcd_sqrtshatTeV_13TeV_PU40_NEW_signalregion_007.h5
/eos/user/k/kiwoznia/data/VAE_data/events/qcd_sqrtshatTeV_13TeV_PU40_NEW_signalregion_parts/qcd_sqrtshatTeV_13TeV_PU40_NEW_signalregion_012.h5: 859816 j1 evts, 859816 j2 evts
predicting QCD signalregion
WARNING:tensorflow:6 out of the last 11 calls to <function total_loss at 0x7f71c473ab70> triggered tf.function retracing. Tracing is expensive and the excessive number of tracings could be due to (1) creating @tf.function repeatedly in a loop, (2) passing tensors with different shapes, (3) passing Python objects instead of tensors. For (1), please define your @tf.function outside of the loop. For (2), @tf.function has experimental_relax_shapes=True option that relaxes argument shapes that can avoid unnecessary retracing. For (3), please refer to https://www.tensorflow.org/tutorials/customization/performance#python_or_tensor_args and https://www.tensorflow.org/api_docs/python/tf/function for  more details.
writing results for QCD signalregion reco to /eos/user/k/kiwoznia/data/VAE_results/events/run_106/qcd_sqrtshatTeV_13TeV_PU40_NEW_signalregion_parts/qcd_sqrtshatTeV_13TeV_PU40_NEW_signalregion_012.h5
/eos/user/k/kiwoznia/data/VAE_data/events/qcd_sqrtshatTeV_13TeV_PU40_NEW_signalregion_parts/qcd_sqrtshatTeV_13TeV_PU40_NEW_signalregion_011.h5: 858452 j1 evts, 858452 j2 evts
predicting QCD signalregion
WARNING:tensorflow:6 out of the last 11 calls to <function total_loss at 0x7f71c473ab70> triggered tf.function retracing. Tracing is expensive and the excessive number of tracings could be due to (1) creating @tf.function repeatedly in a loop, (2) passing tensors with different shapes, (3) passing Python objects instead of tensors. For (1), please define your @tf.function outside of the loop. For (2), @tf.function has experimental_relax_shapes=True option that relaxes argument shapes that can avoid unnecessary retracing. For (3), please refer to https://www.tensorflow.org/tutorials/customization/performance#python_or_tensor_args and https://www.tensorflow.org/api_docs/python/tf/function for  more details.
writing results for QCD signalregion reco to /eos/user/k/kiwoznia/data/VAE_results/events/run_106/qcd_sqrtshatTeV_13TeV_PU40_NEW_signalregion_parts/qcd_sqrtshatTeV_13TeV_PU40_NEW_signalregion_011.h5
/eos/user/k/kiwoznia/data/VAE_data/events/qcd_sqrtshatTeV_13TeV_PU40_NEW_signalregion_parts/qcd_sqrtshatTeV_13TeV_PU40_NEW_signalregion_006.h5: 858900 j1 evts, 858900 j2 evts
predicting QCD signalregion
WARNING:tensorflow:6 out of the last 11 calls to <function total_loss at 0x7f71c473ab70> triggered tf.function retracing. Tracing is expensive and the excessive number of tracings could be due to (1) creating @tf.function repeatedly in a loop, (2) passing tensors with different shapes, (3) passing Python objects instead of tensors. For (1), please define your @tf.function outside of the loop. For (2), @tf.function has experimental_relax_shapes=True option that relaxes argument shapes that can avoid unnecessary retracing. For (3), please refer to https://www.tensorflow.org/tutorials/customization/performance#python_or_tensor_args and https://www.tensorflow.org/api_docs/python/tf/function for  more details.
writing results for QCD signalregion reco to /eos/user/k/kiwoznia/data/VAE_results/events/run_106/qcd_sqrtshatTeV_13TeV_PU40_NEW_signalregion_parts/qcd_sqrtshatTeV_13TeV_PU40_NEW_signalregion_006.h5
/eos/user/k/kiwoznia/data/VAE_data/events/RSGraviton_WW_NARROW_13TeV_PU40_1.5TeV_NEW_parts/RSGraviton_WW_NARROW_13TeV_PU40_1.5TeV_NEW_concat_001.h5: 184228 j1 evts, 184228 j2 evts
predicting $G(1.5 TeV)\to WW$ narrow
WARNING:tensorflow:6 out of the last 11 calls to <function total_loss at 0x7f71c473ab70> triggered tf.function retracing. Tracing is expensive and the excessive number of tracings could be due to (1) creating @tf.function repeatedly in a loop, (2) passing tensors with different shapes, (3) passing Python objects instead of tensors. For (1), please define your @tf.function outside of the loop. For (2), @tf.function has experimental_relax_shapes=True option that relaxes argument shapes that can avoid unnecessary retracing. For (3), please refer to https://www.tensorflow.org/tutorials/customization/performance#python_or_tensor_args and https://www.tensorflow.org/api_docs/python/tf/function for  more details.
writing results for $G(1.5 TeV)\to WW$ narrow reco to /eos/user/k/kiwoznia/data/VAE_results/events/run_106/RSGraviton_WW_NARROW_13TeV_PU40_1.5TeV_NEW_parts/RSGraviton_WW_NARROW_13TeV_PU40_1.5TeV_NEW_concat_001.h5
/eos/user/k/kiwoznia/data/VAE_data/events/RSGraviton_WW_NARROW_13TeV_PU40_1.5TeV_NEW_parts/RSGraviton_WW_NARROW_13TeV_PU40_1.5TeV_NEW_concat_000.h5: 651672 j1 evts, 651672 j2 evts
predicting $G(1.5 TeV)\to WW$ narrow
WARNING:tensorflow:6 out of the last 11 calls to <function total_loss at 0x7f71c473ab70> triggered tf.function retracing. Tracing is expensive and the excessive number of tracings could be due to (1) creating @tf.function repeatedly in a loop, (2) passing tensors with different shapes, (3) passing Python objects instead of tensors. For (1), please define your @tf.function outside of the loop. For (2), @tf.function has experimental_relax_shapes=True option that relaxes argument shapes that can avoid unnecessary retracing. For (3), please refer to https://www.tensorflow.org/tutorials/customization/performance#python_or_tensor_args and https://www.tensorflow.org/api_docs/python/tf/function for  more details.
writing results for $G(1.5 TeV)\to WW$ narrow reco to /eos/user/k/kiwoznia/data/VAE_results/events/run_106/RSGraviton_WW_NARROW_13TeV_PU40_1.5TeV_NEW_parts/RSGraviton_WW_NARROW_13TeV_PU40_1.5TeV_NEW_concat_000.h5
/eos/user/k/kiwoznia/data/VAE_data/events/RSGraviton_WW_BROAD_13TeV_PU40_1.5TeV_NEW_parts/RSGraviton_WW_BROAD_13TeV_PU40_1.5TeV_NEW_concat_000.h5: 647691 j1 evts, 647691 j2 evts
predicting $G(1.5 TeV)\to WW$ broad
WARNING:tensorflow:6 out of the last 11 calls to <function total_loss at 0x7f71c473ab70> triggered tf.function retracing. Tracing is expensive and the excessive number of tracings could be due to (1) creating @tf.function repeatedly in a loop, (2) passing tensors with different shapes, (3) passing Python objects instead of tensors. For (1), please define your @tf.function outside of the loop. For (2), @tf.function has experimental_relax_shapes=True option that relaxes argument shapes that can avoid unnecessary retracing. For (3), please refer to https://www.tensorflow.org/tutorials/customization/performance#python_or_tensor_args and https://www.tensorflow.org/api_docs/python/tf/function for  more details.
writing results for $G(1.5 TeV)\to WW$ broad reco to /eos/user/k/kiwoznia/data/VAE_results/events/run_106/RSGraviton_WW_BROAD_13TeV_PU40_1.5TeV_NEW_parts/RSGraviton_WW_BROAD_13TeV_PU40_1.5TeV_NEW_concat_000.h5
/eos/user/k/kiwoznia/data/VAE_data/events/RSGraviton_WW_BROAD_13TeV_PU40_1.5TeV_NEW_parts/RSGraviton_WW_BROAD_13TeV_PU40_1.5TeV_NEW_concat_001.h5: 105243 j1 evts, 105243 j2 evts
predicting $G(1.5 TeV)\to WW$ broad
WARNING:tensorflow:6 out of the last 11 calls to <function total_loss at 0x7f71c473ab70> triggered tf.function retracing. Tracing is expensive and the excessive number of tracings could be due to (1) creating @tf.function repeatedly in a loop, (2) passing tensors with different shapes, (3) passing Python objects instead of tensors. For (1), please define your @tf.function outside of the loop. For (2), @tf.function has experimental_relax_shapes=True option that relaxes argument shapes that can avoid unnecessary retracing. For (3), please refer to https://www.tensorflow.org/tutorials/customization/performance#python_or_tensor_args and https://www.tensorflow.org/api_docs/python/tf/function for  more details.
writing results for $G(1.5 TeV)\to WW$ broad reco to /eos/user/k/kiwoznia/data/VAE_results/events/run_106/RSGraviton_WW_BROAD_13TeV_PU40_1.5TeV_NEW_parts/RSGraviton_WW_BROAD_13TeV_PU40_1.5TeV_NEW_concat_001.h5
/eos/user/k/kiwoznia/data/VAE_data/events/RSGraviton_WW_NARROW_13TeV_PU40_2.5TeV_NEW_parts/RSGraviton_WW_NARROW_13TeV_PU40_2.5TeV_NEW_concat_000.h5: 650347 j1 evts, 650347 j2 evts
predicting $G(2.5 TeV)\to WW$ narrow
WARNING:tensorflow:6 out of the last 11 calls to <function total_loss at 0x7f71c473ab70> triggered tf.function retracing. Tracing is expensive and the excessive number of tracings could be due to (1) creating @tf.function repeatedly in a loop, (2) passing tensors with different shapes, (3) passing Python objects instead of tensors. For (1), please define your @tf.function outside of the loop. For (2), @tf.function has experimental_relax_shapes=True option that relaxes argument shapes that can avoid unnecessary retracing. For (3), please refer to https://www.tensorflow.org/tutorials/customization/performance#python_or_tensor_args and https://www.tensorflow.org/api_docs/python/tf/function for  more details.
writing results for $G(2.5 TeV)\to WW$ narrow reco to /eos/user/k/kiwoznia/data/VAE_results/events/run_106/RSGraviton_WW_NARROW_13TeV_PU40_2.5TeV_NEW_parts/RSGraviton_WW_NARROW_13TeV_PU40_2.5TeV_NEW_concat_000.h5
/eos/user/k/kiwoznia/data/VAE_data/events/RSGraviton_WW_NARROW_13TeV_PU40_2.5TeV_NEW_parts/RSGraviton_WW_NARROW_13TeV_PU40_2.5TeV_NEW_concat_001.h5: 279060 j1 evts, 279060 j2 evts
predicting $G(2.5 TeV)\to WW$ narrow
WARNING:tensorflow:6 out of the last 11 calls to <function total_loss at 0x7f71c473ab70> triggered tf.function retracing. Tracing is expensive and the excessive number of tracings could be due to (1) creating @tf.function repeatedly in a loop, (2) passing tensors with different shapes, (3) passing Python objects instead of tensors. For (1), please define your @tf.function outside of the loop. For (2), @tf.function has experimental_relax_shapes=True option that relaxes argument shapes that can avoid unnecessary retracing. For (3), please refer to https://www.tensorflow.org/tutorials/customization/performance#python_or_tensor_args and https://www.tensorflow.org/api_docs/python/tf/function for  more details.
writing results for $G(2.5 TeV)\to WW$ narrow reco to /eos/user/k/kiwoznia/data/VAE_results/events/run_106/RSGraviton_WW_NARROW_13TeV_PU40_2.5TeV_NEW_parts/RSGraviton_WW_NARROW_13TeV_PU40_2.5TeV_NEW_concat_001.h5
/eos/user/k/kiwoznia/data/VAE_data/events/RSGraviton_WW_BROAD_13TeV_PU40_2.5TeV_NEW_parts/RSGraviton_WW_BROAD_13TeV_PU40_2.5TeV_NEW_concat_000.h5: 646970 j1 evts, 646970 j2 evts
predicting $G(2.5 TeV)\to WW$ broad
WARNING:tensorflow:6 out of the last 11 calls to <function total_loss at 0x7f71c473ab70> triggered tf.function retracing. Tracing is expensive and the excessive number of tracings could be due to (1) creating @tf.function repeatedly in a loop, (2) passing tensors with different shapes, (3) passing Python objects instead of tensors. For (1), please define your @tf.function outside of the loop. For (2), @tf.function has experimental_relax_shapes=True option that relaxes argument shapes that can avoid unnecessary retracing. For (3), please refer to https://www.tensorflow.org/tutorials/customization/performance#python_or_tensor_args and https://www.tensorflow.org/api_docs/python/tf/function for  more details.
writing results for $G(2.5 TeV)\to WW$ broad reco to /eos/user/k/kiwoznia/data/VAE_results/events/run_106/RSGraviton_WW_BROAD_13TeV_PU40_2.5TeV_NEW_parts/RSGraviton_WW_BROAD_13TeV_PU40_2.5TeV_NEW_concat_000.h5
/eos/user/k/kiwoznia/data/VAE_data/events/RSGraviton_WW_BROAD_13TeV_PU40_2.5TeV_NEW_parts/RSGraviton_WW_BROAD_13TeV_PU40_2.5TeV_NEW_concat_001.h5: 251733 j1 evts, 251733 j2 evts
predicting $G(2.5 TeV)\to WW$ broad
WARNING:tensorflow:6 out of the last 11 calls to <function total_loss at 0x7f71c473ab70> triggered tf.function retracing. Tracing is expensive and the excessive number of tracings could be due to (1) creating @tf.function repeatedly in a loop, (2) passing tensors with different shapes, (3) passing Python objects instead of tensors. For (1), please define your @tf.function outside of the loop. For (2), @tf.function has experimental_relax_shapes=True option that relaxes argument shapes that can avoid unnecessary retracing. For (3), please refer to https://www.tensorflow.org/tutorials/customization/performance#python_or_tensor_args and https://www.tensorflow.org/api_docs/python/tf/function for  more details.
writing results for $G(2.5 TeV)\to WW$ broad reco to /eos/user/k/kiwoznia/data/VAE_results/events/run_106/RSGraviton_WW_BROAD_13TeV_PU40_2.5TeV_NEW_parts/RSGraviton_WW_BROAD_13TeV_PU40_2.5TeV_NEW_concat_001.h5
/eos/user/k/kiwoznia/data/VAE_data/events/RSGraviton_WW_NARROW_13TeV_PU40_3.5TeV_NEW_parts/RSGraviton_WW_NARROW_13TeV_PU40_3.5TeV_NEW_concat_000.h5: 650991 j1 evts, 650991 j2 evts
predicting $G(3.5 TeV)\to WW$ narrow
WARNING:tensorflow:6 out of the last 11 calls to <function total_loss at 0x7f71c473ab70> triggered tf.function retracing. Tracing is expensive and the excessive number of tracings could be due to (1) creating @tf.function repeatedly in a loop, (2) passing tensors with different shapes, (3) passing Python objects instead of tensors. For (1), please define your @tf.function outside of the loop. For (2), @tf.function has experimental_relax_shapes=True option that relaxes argument shapes that can avoid unnecessary retracing. For (3), please refer to https://www.tensorflow.org/tutorials/customization/performance#python_or_tensor_args and https://www.tensorflow.org/api_docs/python/tf/function for  more details.
writing results for $G(3.5 TeV)\to WW$ narrow reco to /eos/user/k/kiwoznia/data/VAE_results/events/run_106/RSGraviton_WW_NARROW_13TeV_PU40_3.5TeV_NEW_parts/RSGraviton_WW_NARROW_13TeV_PU40_3.5TeV_NEW_concat_000.h5
/eos/user/k/kiwoznia/data/VAE_data/events/RSGraviton_WW_NARROW_13TeV_PU40_3.5TeV_NEW_parts/RSGraviton_WW_NARROW_13TeV_PU40_3.5TeV_NEW_concat_001.h5: 292697 j1 evts, 292697 j2 evts
predicting $G(3.5 TeV)\to WW$ narrow
WARNING:tensorflow:6 out of the last 11 calls to <function total_loss at 0x7f71c473ab70> triggered tf.function retracing. Tracing is expensive and the excessive number of tracings could be due to (1) creating @tf.function repeatedly in a loop, (2) passing tensors with different shapes, (3) passing Python objects instead of tensors. For (1), please define your @tf.function outside of the loop. For (2), @tf.function has experimental_relax_shapes=True option that relaxes argument shapes that can avoid unnecessary retracing. For (3), please refer to https://www.tensorflow.org/tutorials/customization/performance#python_or_tensor_args and https://www.tensorflow.org/api_docs/python/tf/function for  more details.
writing results for $G(3.5 TeV)\to WW$ narrow reco to /eos/user/k/kiwoznia/data/VAE_results/events/run_106/RSGraviton_WW_NARROW_13TeV_PU40_3.5TeV_NEW_parts/RSGraviton_WW_NARROW_13TeV_PU40_3.5TeV_NEW_concat_001.h5
/eos/user/k/kiwoznia/data/VAE_data/events/RSGraviton_WW_BROAD_13TeV_PU40_3.5TeV_NEW_parts/RSGraviton_WW_BROAD_13TeV_PU40_3.5TeV_NEW_concat_001.h5: 266735 j1 evts, 266735 j2 evts
predicting $G(3.5 TeV)\to WW$ broad
WARNING:tensorflow:6 out of the last 11 calls to <function total_loss at 0x7f71c473ab70> triggered tf.function retracing. Tracing is expensive and the excessive number of tracings could be due to (1) creating @tf.function repeatedly in a loop, (2) passing tensors with different shapes, (3) passing Python objects instead of tensors. For (1), please define your @tf.function outside of the loop. For (2), @tf.function has experimental_relax_shapes=True option that relaxes argument shapes that can avoid unnecessary retracing. For (3), please refer to https://www.tensorflow.org/tutorials/customization/performance#python_or_tensor_args and https://www.tensorflow.org/api_docs/python/tf/function for  more details.
writing results for $G(3.5 TeV)\to WW$ broad reco to /eos/user/k/kiwoznia/data/VAE_results/events/run_106/RSGraviton_WW_BROAD_13TeV_PU40_3.5TeV_NEW_parts/RSGraviton_WW_BROAD_13TeV_PU40_3.5TeV_NEW_concat_001.h5
/eos/user/k/kiwoznia/data/VAE_data/events/RSGraviton_WW_BROAD_13TeV_PU40_3.5TeV_NEW_parts/RSGraviton_WW_BROAD_13TeV_PU40_3.5TeV_NEW_concat_000.h5: 644205 j1 evts, 644205 j2 evts
predicting $G(3.5 TeV)\to WW$ broad
WARNING:tensorflow:6 out of the last 11 calls to <function total_loss at 0x7f71c473ab70> triggered tf.function retracing. Tracing is expensive and the excessive number of tracings could be due to (1) creating @tf.function repeatedly in a loop, (2) passing tensors with different shapes, (3) passing Python objects instead of tensors. For (1), please define your @tf.function outside of the loop. For (2), @tf.function has experimental_relax_shapes=True option that relaxes argument shapes that can avoid unnecessary retracing. For (3), please refer to https://www.tensorflow.org/tutorials/customization/performance#python_or_tensor_args and https://www.tensorflow.org/api_docs/python/tf/function for  more details.
writing results for $G(3.5 TeV)\to WW$ broad reco to /eos/user/k/kiwoznia/data/VAE_results/events/run_106/RSGraviton_WW_BROAD_13TeV_PU40_3.5TeV_NEW_parts/RSGraviton_WW_BROAD_13TeV_PU40_3.5TeV_NEW_concat_000.h5
/eos/user/k/kiwoznia/data/VAE_data/events/RSGraviton_WW_NARROW_13TeV_PU40_4.5TeV_NEW_parts/RSGraviton_WW_NARROW_13TeV_PU40_4.5TeV_NEW_concat_000.h5: 650653 j1 evts, 650653 j2 evts
predicting $G(4.5 TeV)\to WW$ narrow
WARNING:tensorflow:6 out of the last 11 calls to <function total_loss at 0x7f71c473ab70> triggered tf.function retracing. Tracing is expensive and the excessive number of tracings could be due to (1) creating @tf.function repeatedly in a loop, (2) passing tensors with different shapes, (3) passing Python objects instead of tensors. For (1), please define your @tf.function outside of the loop. For (2), @tf.function has experimental_relax_shapes=True option that relaxes argument shapes that can avoid unnecessary retracing. For (3), please refer to https://www.tensorflow.org/tutorials/customization/performance#python_or_tensor_args and https://www.tensorflow.org/api_docs/python/tf/function for  more details.
writing results for $G(4.5 TeV)\to WW$ narrow reco to /eos/user/k/kiwoznia/data/VAE_results/events/run_106/RSGraviton_WW_NARROW_13TeV_PU40_4.5TeV_NEW_parts/RSGraviton_WW_NARROW_13TeV_PU40_4.5TeV_NEW_concat_000.h5
/eos/user/k/kiwoznia/data/VAE_data/events/RSGraviton_WW_NARROW_13TeV_PU40_4.5TeV_NEW_parts/RSGraviton_WW_NARROW_13TeV_PU40_4.5TeV_NEW_concat_001.h5: 292215 j1 evts, 292215 j2 evts
predicting $G(4.5 TeV)\to WW$ narrow
WARNING:tensorflow:6 out of the last 11 calls to <function total_loss at 0x7f71c473ab70> triggered tf.function retracing. Tracing is expensive and the excessive number of tracings could be due to (1) creating @tf.function repeatedly in a loop, (2) passing tensors with different shapes, (3) passing Python objects instead of tensors. For (1), please define your @tf.function outside of the loop. For (2), @tf.function has experimental_relax_shapes=True option that relaxes argument shapes that can avoid unnecessary retracing. For (3), please refer to https://www.tensorflow.org/tutorials/customization/performance#python_or_tensor_args and https://www.tensorflow.org/api_docs/python/tf/function for  more details.
writing results for $G(4.5 TeV)\to WW$ narrow reco to /eos/user/k/kiwoznia/data/VAE_results/events/run_106/RSGraviton_WW_NARROW_13TeV_PU40_4.5TeV_NEW_parts/RSGraviton_WW_NARROW_13TeV_PU40_4.5TeV_NEW_concat_001.h5
/eos/user/k/kiwoznia/data/VAE_data/events/RSGraviton_WW_BROAD_13TeV_PU40_4.5TeV_NEW_parts/RSGraviton_WW_BROAD_13TeV_PU40_4.5TeV_NEW_concat_001.h5: 267437 j1 evts, 267437 j2 evts
predicting $G(4.5 TeV)\to WW$ broad
WARNING:tensorflow:6 out of the last 11 calls to <function total_loss at 0x7f71c473ab70> triggered tf.function retracing. Tracing is expensive and the excessive number of tracings could be due to (1) creating @tf.function repeatedly in a loop, (2) passing tensors with different shapes, (3) passing Python objects instead of tensors. For (1), please define your @tf.function outside of the loop. For (2), @tf.function has experimental_relax_shapes=True option that relaxes argument shapes that can avoid unnecessary retracing. For (3), please refer to https://www.tensorflow.org/tutorials/customization/performance#python_or_tensor_args and https://www.tensorflow.org/api_docs/python/tf/function for  more details.
writing results for $G(4.5 TeV)\to WW$ broad reco to /eos/user/k/kiwoznia/data/VAE_results/events/run_106/RSGraviton_WW_BROAD_13TeV_PU40_4.5TeV_NEW_parts/RSGraviton_WW_BROAD_13TeV_PU40_4.5TeV_NEW_concat_001.h5
/eos/user/k/kiwoznia/data/VAE_data/events/RSGraviton_WW_BROAD_13TeV_PU40_4.5TeV_NEW_parts/RSGraviton_WW_BROAD_13TeV_PU40_4.5TeV_NEW_concat_000.h5: 645952 j1 evts, 645952 j2 evts
predicting $G(4.5 TeV)\to WW$ broad
WARNING:tensorflow:6 out of the last 11 calls to <function total_loss at 0x7f71c473ab70> triggered tf.function retracing. Tracing is expensive and the excessive number of tracings could be due to (1) creating @tf.function repeatedly in a loop, (2) passing tensors with different shapes, (3) passing Python objects instead of tensors. For (1), please define your @tf.function outside of the loop. For (2), @tf.function has experimental_relax_shapes=True option that relaxes argument shapes that can avoid unnecessary retracing. For (3), please refer to https://www.tensorflow.org/tutorials/customization/performance#python_or_tensor_args and https://www.tensorflow.org/api_docs/python/tf/function for  more details.
writing results for $G(4.5 TeV)\to WW$ broad reco to /eos/user/k/kiwoznia/data/VAE_results/events/run_106/RSGraviton_WW_BROAD_13TeV_PU40_4.5TeV_NEW_parts/RSGraviton_WW_BROAD_13TeV_PU40_4.5TeV_NEW_concat_000.h5
