setGPU: Setting GPU to: 0
2020-08-25 14:20:45.067768: W tensorflow/stream_executor/platform/default/dso_loader.cc:55] Could not load dynamic library 'libnvinfer.so.6'; dlerror: libnvinfer.so.6: cannot open shared object file: No such file or directory; LD_LIBRARY_PATH: :/afs/cern.ch/user/k/kiwoznia/.local/lib:/afs/cern.ch/user/k/kiwoznia/software/cuda/lib64:/eos/home-k/kiwoznia/software/cuda-10.1/lib64:/usr/local/cuda-10.1/lib64
2020-08-25 14:20:45.070136: W tensorflow/stream_executor/platform/default/dso_loader.cc:55] Could not load dynamic library 'libnvinfer_plugin.so.6'; dlerror: libnvinfer_plugin.so.6: cannot open shared object file: No such file or directory; LD_LIBRARY_PATH: :/afs/cern.ch/user/k/kiwoznia/.local/lib:/afs/cern.ch/user/k/kiwoznia/software/cuda/lib64:/eos/home-k/kiwoznia/software/cuda-10.1/lib64:/usr/local/cuda-10.1/lib64
2020-08-25 14:20:45.070155: W tensorflow/compiler/tf2tensorrt/utils/py_utils.cc:30] Cannot dlopen some TensorRT libraries. If you would like to use Nvidia GPU with TensorRT, please make sure the missing libraries mentioned above are installed properly.
2020-08-25 14:20:47.739457: I tensorflow/stream_executor/platform/default/dso_loader.cc:44] Successfully opened dynamic library libcuda.so.1
2020-08-25 14:20:52.998346: I tensorflow/core/common_runtime/gpu/gpu_device.cc:1555] Found device 0 with properties: 
pciBusID: 0000:04:00.0 name: GeForce GTX 1080 Ti computeCapability: 6.1
coreClock: 1.582GHz coreCount: 28 deviceMemorySize: 10.92GiB deviceMemoryBandwidth: 451.17GiB/s
2020-08-25 14:20:53.015218: I tensorflow/stream_executor/platform/default/dso_loader.cc:44] Successfully opened dynamic library libcudart.so.10.1
2020-08-25 14:20:53.047771: I tensorflow/stream_executor/platform/default/dso_loader.cc:44] Successfully opened dynamic library libcublas.so.10
2020-08-25 14:20:53.062458: I tensorflow/stream_executor/platform/default/dso_loader.cc:44] Successfully opened dynamic library libcufft.so.10
2020-08-25 14:20:53.079324: I tensorflow/stream_executor/platform/default/dso_loader.cc:44] Successfully opened dynamic library libcurand.so.10
2020-08-25 14:20:53.098986: I tensorflow/stream_executor/platform/default/dso_loader.cc:44] Successfully opened dynamic library libcusolver.so.10
2020-08-25 14:20:53.115986: I tensorflow/stream_executor/platform/default/dso_loader.cc:44] Successfully opened dynamic library libcusparse.so.10
2020-08-25 14:20:53.124804: I tensorflow/stream_executor/platform/default/dso_loader.cc:44] Successfully opened dynamic library libcudnn.so.7
2020-08-25 14:20:53.127688: I tensorflow/core/common_runtime/gpu/gpu_device.cc:1697] Adding visible gpu devices: 0
2020-08-25 14:20:53.130460: I tensorflow/core/platform/cpu_feature_guard.cc:142] Your CPU supports instructions that this TensorFlow binary was not compiled to use: AVX2 FMA
2020-08-25 14:20:53.162127: I tensorflow/core/platform/profile_utils/cpu_utils.cc:94] CPU Frequency: 2199935000 Hz
2020-08-25 14:20:53.170587: I tensorflow/compiler/xla/service/service.cc:168] XLA service 0x460dbb0 initialized for platform Host (this does not guarantee that XLA will be used). Devices:
2020-08-25 14:20:53.170658: I tensorflow/compiler/xla/service/service.cc:176]   StreamExecutor device (0): Host, Default Version
2020-08-25 14:20:53.295122: I tensorflow/compiler/xla/service/service.cc:168] XLA service 0x3e33de0 initialized for platform CUDA (this does not guarantee that XLA will be used). Devices:
2020-08-25 14:20:53.295199: I tensorflow/compiler/xla/service/service.cc:176]   StreamExecutor device (0): GeForce GTX 1080 Ti, Compute Capability 6.1
2020-08-25 14:20:53.297024: I tensorflow/core/common_runtime/gpu/gpu_device.cc:1555] Found device 0 with properties: 
pciBusID: 0000:04:00.0 name: GeForce GTX 1080 Ti computeCapability: 6.1
coreClock: 1.582GHz coreCount: 28 deviceMemorySize: 10.92GiB deviceMemoryBandwidth: 451.17GiB/s
2020-08-25 14:20:53.297107: I tensorflow/stream_executor/platform/default/dso_loader.cc:44] Successfully opened dynamic library libcudart.so.10.1
2020-08-25 14:20:53.297137: I tensorflow/stream_executor/platform/default/dso_loader.cc:44] Successfully opened dynamic library libcublas.so.10
2020-08-25 14:20:53.297160: I tensorflow/stream_executor/platform/default/dso_loader.cc:44] Successfully opened dynamic library libcufft.so.10
2020-08-25 14:20:53.297183: I tensorflow/stream_executor/platform/default/dso_loader.cc:44] Successfully opened dynamic library libcurand.so.10
2020-08-25 14:20:53.297207: I tensorflow/stream_executor/platform/default/dso_loader.cc:44] Successfully opened dynamic library libcusolver.so.10
2020-08-25 14:20:53.297229: I tensorflow/stream_executor/platform/default/dso_loader.cc:44] Successfully opened dynamic library libcusparse.so.10
2020-08-25 14:20:53.297253: I tensorflow/stream_executor/platform/default/dso_loader.cc:44] Successfully opened dynamic library libcudnn.so.7
2020-08-25 14:20:53.299676: I tensorflow/core/common_runtime/gpu/gpu_device.cc:1697] Adding visible gpu devices: 0
2020-08-25 14:20:53.299739: I tensorflow/stream_executor/platform/default/dso_loader.cc:44] Successfully opened dynamic library libcudart.so.10.1
2020-08-25 14:20:53.302207: I tensorflow/core/common_runtime/gpu/gpu_device.cc:1096] Device interconnect StreamExecutor with strength 1 edge matrix:
2020-08-25 14:20:53.302240: I tensorflow/core/common_runtime/gpu/gpu_device.cc:1102]      0 
2020-08-25 14:20:53.302257: I tensorflow/core/common_runtime/gpu/gpu_device.cc:1115] 0:   N 
2020-08-25 14:20:53.304881: I tensorflow/core/common_runtime/gpu/gpu_device.cc:1241] Created TensorFlow device (/job:localhost/replica:0/task:0/device:GPU:0 with 10489 MB memory) -> physical GPU (device: 0, name: GeForce GTX 1080 Ti, pci bus id: 0000:04:00.0, compute capability: 6.1)
WARNING:tensorflow:No training configuration found in save file: the model was *not* compiled. Compile it manually.
WARNING:tensorflow:No training configuration found in save file: the model was *not* compiled. Compile it manually.
/eos/user/k/kiwoznia/data/VAE_data/events/qcd_sqrtshatTeV_13TeV_PU40_parts/qcd_sqrtshatTeV_13TeV_PU40_concat_007.h5: 211320 j1 evts, 211320 j2 evts
predicting QCD signalregion
2020-08-25 14:21:19.565549: I tensorflow/stream_executor/platform/default/dso_loader.cc:44] Successfully opened dynamic library libcublas.so.10
2020-08-25 14:21:19.808113: I tensorflow/stream_executor/platform/default/dso_loader.cc:44] Successfully opened dynamic library libcudnn.so.7
writing results for QCD signalregion to /eos/home-k/kiwoznia/dev/autoencoder_for_anomaly/convolutional_VAE/results/run_101/qcd_sqrtshatTeV_13TeV_PU40_parts/qcd_sqrtshatTeV_13TeV_PU40_concat_007.h5
/eos/user/k/kiwoznia/data/VAE_data/events/qcd_sqrtshatTeV_13TeV_PU40_parts/qcd_sqrtshatTeV_13TeV_PU40_concat_021.h5: 211320 j1 evts, 211320 j2 evts
predicting QCD signalregion
writing results for QCD signalregion to /eos/home-k/kiwoznia/dev/autoencoder_for_anomaly/convolutional_VAE/results/run_101/qcd_sqrtshatTeV_13TeV_PU40_parts/qcd_sqrtshatTeV_13TeV_PU40_concat_021.h5
/eos/user/k/kiwoznia/data/VAE_data/events/qcd_sqrtshatTeV_13TeV_PU40_parts/qcd_sqrtshatTeV_13TeV_PU40_concat_008.h5: 211320 j1 evts, 211320 j2 evts
predicting QCD signalregion
writing results for QCD signalregion to /eos/home-k/kiwoznia/dev/autoencoder_for_anomaly/convolutional_VAE/results/run_101/qcd_sqrtshatTeV_13TeV_PU40_parts/qcd_sqrtshatTeV_13TeV_PU40_concat_008.h5
/eos/user/k/kiwoznia/data/VAE_data/events/qcd_sqrtshatTeV_13TeV_PU40_parts/qcd_sqrtshatTeV_13TeV_PU40_concat_006.h5: 211320 j1 evts, 211320 j2 evts
predicting QCD signalregion
writing results for QCD signalregion to /eos/home-k/kiwoznia/dev/autoencoder_for_anomaly/convolutional_VAE/results/run_101/qcd_sqrtshatTeV_13TeV_PU40_parts/qcd_sqrtshatTeV_13TeV_PU40_concat_006.h5
/eos/user/k/kiwoznia/data/VAE_data/events/qcd_sqrtshatTeV_13TeV_PU40_parts/qcd_sqrtshatTeV_13TeV_PU40_concat_019.h5: 211320 j1 evts, 211320 j2 evts
predicting QCD signalregion
writing results for QCD signalregion to /eos/home-k/kiwoznia/dev/autoencoder_for_anomaly/convolutional_VAE/results/run_101/qcd_sqrtshatTeV_13TeV_PU40_parts/qcd_sqrtshatTeV_13TeV_PU40_concat_019.h5
/eos/user/k/kiwoznia/data/VAE_data/events/qcd_sqrtshatTeV_13TeV_PU40_parts/qcd_sqrtshatTeV_13TeV_PU40_concat_013.h5: 211320 j1 evts, 211320 j2 evts
predicting QCD signalregion
writing results for QCD signalregion to /eos/home-k/kiwoznia/dev/autoencoder_for_anomaly/convolutional_VAE/results/run_101/qcd_sqrtshatTeV_13TeV_PU40_parts/qcd_sqrtshatTeV_13TeV_PU40_concat_013.h5
/eos/user/k/kiwoznia/data/VAE_data/events/qcd_sqrtshatTeV_13TeV_PU40_parts/qcd_sqrtshatTeV_13TeV_PU40_concat_012.h5: 211320 j1 evts, 211320 j2 evts
predicting QCD signalregion
writing results for QCD signalregion to /eos/home-k/kiwoznia/dev/autoencoder_for_anomaly/convolutional_VAE/results/run_101/qcd_sqrtshatTeV_13TeV_PU40_parts/qcd_sqrtshatTeV_13TeV_PU40_concat_012.h5
/eos/user/k/kiwoznia/data/VAE_data/events/qcd_sqrtshatTeV_13TeV_PU40_parts/qcd_sqrtshatTeV_13TeV_PU40_concat_020.h5: 211320 j1 evts, 211320 j2 evts
predicting QCD signalregion
writing results for QCD signalregion to /eos/home-k/kiwoznia/dev/autoencoder_for_anomaly/convolutional_VAE/results/run_101/qcd_sqrtshatTeV_13TeV_PU40_parts/qcd_sqrtshatTeV_13TeV_PU40_concat_020.h5
/eos/user/k/kiwoznia/data/VAE_data/events/qcd_sqrtshatTeV_13TeV_PU40_parts/qcd_sqrtshatTeV_13TeV_PU40_concat_017.h5: 211320 j1 evts, 211320 j2 evts
predicting QCD signalregion
writing results for QCD signalregion to /eos/home-k/kiwoznia/dev/autoencoder_for_anomaly/convolutional_VAE/results/run_101/qcd_sqrtshatTeV_13TeV_PU40_parts/qcd_sqrtshatTeV_13TeV_PU40_concat_017.h5
/eos/user/k/kiwoznia/data/VAE_data/events/qcd_sqrtshatTeV_13TeV_PU40_parts/qcd_sqrtshatTeV_13TeV_PU40_concat_016.h5: 211320 j1 evts, 211320 j2 evts
predicting QCD signalregion
writing results for QCD signalregion to /eos/home-k/kiwoznia/dev/autoencoder_for_anomaly/convolutional_VAE/results/run_101/qcd_sqrtshatTeV_13TeV_PU40_parts/qcd_sqrtshatTeV_13TeV_PU40_concat_016.h5
/eos/user/k/kiwoznia/data/VAE_data/events/qcd_sqrtshatTeV_13TeV_PU40_parts/qcd_sqrtshatTeV_13TeV_PU40_concat_001.h5: 211320 j1 evts, 211320 j2 evts
predicting QCD signalregion
writing results for QCD signalregion to /eos/home-k/kiwoznia/dev/autoencoder_for_anomaly/convolutional_VAE/results/run_101/qcd_sqrtshatTeV_13TeV_PU40_parts/qcd_sqrtshatTeV_13TeV_PU40_concat_001.h5
/eos/user/k/kiwoznia/data/VAE_data/events/qcd_sqrtshatTeV_13TeV_PU40_parts/qcd_sqrtshatTeV_13TeV_PU40_concat_015.h5: 211320 j1 evts, 211320 j2 evts
predicting QCD signalregion
writing results for QCD signalregion to /eos/home-k/kiwoznia/dev/autoencoder_for_anomaly/convolutional_VAE/results/run_101/qcd_sqrtshatTeV_13TeV_PU40_parts/qcd_sqrtshatTeV_13TeV_PU40_concat_015.h5
/eos/user/k/kiwoznia/data/VAE_data/events/qcd_sqrtshatTeV_13TeV_PU40_parts/qcd_sqrtshatTeV_13TeV_PU40_concat_000.h5: 211320 j1 evts, 211320 j2 evts
predicting QCD signalregion
writing results for QCD signalregion to /eos/home-k/kiwoznia/dev/autoencoder_for_anomaly/convolutional_VAE/results/run_101/qcd_sqrtshatTeV_13TeV_PU40_parts/qcd_sqrtshatTeV_13TeV_PU40_concat_000.h5
/eos/user/k/kiwoznia/data/VAE_data/events/qcd_sqrtshatTeV_13TeV_PU40_parts/qcd_sqrtshatTeV_13TeV_PU40_concat_003.h5: 211320 j1 evts, 211320 j2 evts
predicting QCD signalregion
writing results for QCD signalregion to /eos/home-k/kiwoznia/dev/autoencoder_for_anomaly/convolutional_VAE/results/run_101/qcd_sqrtshatTeV_13TeV_PU40_parts/qcd_sqrtshatTeV_13TeV_PU40_concat_003.h5
/eos/user/k/kiwoznia/data/VAE_data/events/qcd_sqrtshatTeV_13TeV_PU40_parts/qcd_sqrtshatTeV_13TeV_PU40_concat_009.h5: 211320 j1 evts, 211320 j2 evts
predicting QCD signalregion
writing results for QCD signalregion to /eos/home-k/kiwoznia/dev/autoencoder_for_anomaly/convolutional_VAE/results/run_101/qcd_sqrtshatTeV_13TeV_PU40_parts/qcd_sqrtshatTeV_13TeV_PU40_concat_009.h5
/eos/user/k/kiwoznia/data/VAE_data/events/qcd_sqrtshatTeV_13TeV_PU40_parts/qcd_sqrtshatTeV_13TeV_PU40_concat_004.h5: 211320 j1 evts, 211320 j2 evts
predicting QCD signalregion
writing results for QCD signalregion to /eos/home-k/kiwoznia/dev/autoencoder_for_anomaly/convolutional_VAE/results/run_101/qcd_sqrtshatTeV_13TeV_PU40_parts/qcd_sqrtshatTeV_13TeV_PU40_concat_004.h5
/eos/user/k/kiwoznia/data/VAE_data/events/qcd_sqrtshatTeV_13TeV_PU40_parts/qcd_sqrtshatTeV_13TeV_PU40_concat_014.h5: 211320 j1 evts, 211320 j2 evts
predicting QCD signalregion
writing results for QCD signalregion to /eos/home-k/kiwoznia/dev/autoencoder_for_anomaly/convolutional_VAE/results/run_101/qcd_sqrtshatTeV_13TeV_PU40_parts/qcd_sqrtshatTeV_13TeV_PU40_concat_014.h5
/eos/user/k/kiwoznia/data/VAE_data/events/qcd_sqrtshatTeV_13TeV_PU40_parts/qcd_sqrtshatTeV_13TeV_PU40_concat_010.h5: 211320 j1 evts, 211320 j2 evts
predicting QCD signalregion
writing results for QCD signalregion to /eos/home-k/kiwoznia/dev/autoencoder_for_anomaly/convolutional_VAE/results/run_101/qcd_sqrtshatTeV_13TeV_PU40_parts/qcd_sqrtshatTeV_13TeV_PU40_concat_010.h5
/eos/user/k/kiwoznia/data/VAE_data/events/qcd_sqrtshatTeV_13TeV_PU40_parts/qcd_sqrtshatTeV_13TeV_PU40_concat_018.h5: 211320 j1 evts, 211320 j2 evts
predicting QCD signalregion
writing results for QCD signalregion to /eos/home-k/kiwoznia/dev/autoencoder_for_anomaly/convolutional_VAE/results/run_101/qcd_sqrtshatTeV_13TeV_PU40_parts/qcd_sqrtshatTeV_13TeV_PU40_concat_018.h5
/eos/user/k/kiwoznia/data/VAE_data/events/qcd_sqrtshatTeV_13TeV_PU40_parts/qcd_sqrtshatTeV_13TeV_PU40_concat_005.h5: 211320 j1 evts, 211320 j2 evts
predicting QCD signalregion
writing results for QCD signalregion to /eos/home-k/kiwoznia/dev/autoencoder_for_anomaly/convolutional_VAE/results/run_101/qcd_sqrtshatTeV_13TeV_PU40_parts/qcd_sqrtshatTeV_13TeV_PU40_concat_005.h5
/eos/user/k/kiwoznia/data/VAE_data/events/qcd_sqrtshatTeV_13TeV_PU40_parts/qcd_sqrtshatTeV_13TeV_PU40_concat_002.h5: 211320 j1 evts, 211320 j2 evts
predicting QCD signalregion
writing results for QCD signalregion to /eos/home-k/kiwoznia/dev/autoencoder_for_anomaly/convolutional_VAE/results/run_101/qcd_sqrtshatTeV_13TeV_PU40_parts/qcd_sqrtshatTeV_13TeV_PU40_concat_002.h5
/eos/user/k/kiwoznia/data/VAE_data/events/qcd_sqrtshatTeV_13TeV_PU40_parts/qcd_sqrtshatTeV_13TeV_PU40_concat_011.h5: 211320 j1 evts, 211320 j2 evts
predicting QCD signalregion
writing results for QCD signalregion to /eos/home-k/kiwoznia/dev/autoencoder_for_anomaly/convolutional_VAE/results/run_101/qcd_sqrtshatTeV_13TeV_PU40_parts/qcd_sqrtshatTeV_13TeV_PU40_concat_011.h5
