setGPU: Setting GPU to: 1
2020-08-04 17:23:29.462281: W tensorflow/stream_executor/platform/default/dso_loader.cc:55] Could not load dynamic library 'libnvinfer.so.6'; dlerror: libnvinfer.so.6: cannot open shared object file: No such file or directory; LD_LIBRARY_PATH: :/afs/cern.ch/user/k/kiwoznia/.local/lib:/afs/cern.ch/user/k/kiwoznia/software/cuda/lib64:/usr/local/cuda-10.1/lib64:/afs/cern.ch/user/k/kiwoznia/.local/lib:/afs/cern.ch/user/k/kiwoznia/software/cuda/lib64:/usr/local/cuda-10.1/lib64
2020-08-04 17:23:29.462852: W tensorflow/stream_executor/platform/default/dso_loader.cc:55] Could not load dynamic library 'libnvinfer_plugin.so.6'; dlerror: libnvinfer_plugin.so.6: cannot open shared object file: No such file or directory; LD_LIBRARY_PATH: :/afs/cern.ch/user/k/kiwoznia/.local/lib:/afs/cern.ch/user/k/kiwoznia/software/cuda/lib64:/usr/local/cuda-10.1/lib64:/afs/cern.ch/user/k/kiwoznia/.local/lib:/afs/cern.ch/user/k/kiwoznia/software/cuda/lib64:/usr/local/cuda-10.1/lib64
2020-08-04 17:23:29.462891: W tensorflow/compiler/tf2tensorrt/utils/py_utils.cc:30] Cannot dlopen some TensorRT libraries. If you would like to use Nvidia GPU with TensorRT, please make sure the missing libraries mentioned above are installed properly.
=== reading images from  /eos/user/k/kiwoznia/data/VAE_data/march_2020_data/input/images/54px/qcd_sqrtshatTeV_13TeV_PU40_SIDEBAND_mjj_cut_1.2M_pt_img_54px.h5  ===
read  1200000  jet 1 images and  1200000  jet 2 images
2020-08-04 17:27:50.243776: I tensorflow/stream_executor/platform/default/dso_loader.cc:44] Successfully opened dynamic library libcuda.so.1
2020-08-04 17:27:53.778431: I tensorflow/core/common_runtime/gpu/gpu_device.cc:1555] Found device 0 with properties: 
pciBusID: 0000:05:00.0 name: GeForce GTX 1080 Ti computeCapability: 6.1
coreClock: 1.582GHz coreCount: 28 deviceMemorySize: 10.92GiB deviceMemoryBandwidth: 451.17GiB/s
2020-08-04 17:27:53.784498: I tensorflow/stream_executor/platform/default/dso_loader.cc:44] Successfully opened dynamic library libcudart.so.10.1
2020-08-04 17:27:53.883426: I tensorflow/stream_executor/platform/default/dso_loader.cc:44] Successfully opened dynamic library libcublas.so.10
2020-08-04 17:27:53.942808: I tensorflow/stream_executor/platform/default/dso_loader.cc:44] Successfully opened dynamic library libcufft.so.10
2020-08-04 17:27:53.955648: I tensorflow/stream_executor/platform/default/dso_loader.cc:44] Successfully opened dynamic library libcurand.so.10
2020-08-04 17:27:54.046541: I tensorflow/stream_executor/platform/default/dso_loader.cc:44] Successfully opened dynamic library libcusolver.so.10
2020-08-04 17:27:54.057199: I tensorflow/stream_executor/platform/default/dso_loader.cc:44] Successfully opened dynamic library libcusparse.so.10
2020-08-04 17:27:54.484396: I tensorflow/stream_executor/platform/default/dso_loader.cc:44] Successfully opened dynamic library libcudnn.so.7
2020-08-04 17:27:54.496464: I tensorflow/core/common_runtime/gpu/gpu_device.cc:1697] Adding visible gpu devices: 0
2020-08-04 17:27:54.497308: I tensorflow/core/platform/cpu_feature_guard.cc:142] Your CPU supports instructions that this TensorFlow binary was not compiled to use: AVX2 FMA
2020-08-04 17:27:55.169614: I tensorflow/core/platform/profile_utils/cpu_utils.cc:94] CPU Frequency: 2200065000 Hz
2020-08-04 17:27:55.175584: I tensorflow/compiler/xla/service/service.cc:168] XLA service 0x175948f0 initialized for platform Host (this does not guarantee that XLA will be used). Devices:
2020-08-04 17:27:55.175678: I tensorflow/compiler/xla/service/service.cc:176]   StreamExecutor device (0): Host, Default Version
2020-08-04 17:27:55.487664: I tensorflow/compiler/xla/service/service.cc:168] XLA service 0x2811d010 initialized for platform CUDA (this does not guarantee that XLA will be used). Devices:
2020-08-04 17:27:55.487733: I tensorflow/compiler/xla/service/service.cc:176]   StreamExecutor device (0): GeForce GTX 1080 Ti, Compute Capability 6.1
2020-08-04 17:27:55.490572: I tensorflow/core/common_runtime/gpu/gpu_device.cc:1555] Found device 0 with properties: 
pciBusID: 0000:05:00.0 name: GeForce GTX 1080 Ti computeCapability: 6.1
coreClock: 1.582GHz coreCount: 28 deviceMemorySize: 10.92GiB deviceMemoryBandwidth: 451.17GiB/s
2020-08-04 17:27:55.490669: I tensorflow/stream_executor/platform/default/dso_loader.cc:44] Successfully opened dynamic library libcudart.so.10.1
2020-08-04 17:27:55.490707: I tensorflow/stream_executor/platform/default/dso_loader.cc:44] Successfully opened dynamic library libcublas.so.10
2020-08-04 17:27:55.490740: I tensorflow/stream_executor/platform/default/dso_loader.cc:44] Successfully opened dynamic library libcufft.so.10
2020-08-04 17:27:55.490773: I tensorflow/stream_executor/platform/default/dso_loader.cc:44] Successfully opened dynamic library libcurand.so.10
2020-08-04 17:27:55.490806: I tensorflow/stream_executor/platform/default/dso_loader.cc:44] Successfully opened dynamic library libcusolver.so.10
2020-08-04 17:27:55.490839: I tensorflow/stream_executor/platform/default/dso_loader.cc:44] Successfully opened dynamic library libcusparse.so.10
2020-08-04 17:27:55.490872: I tensorflow/stream_executor/platform/default/dso_loader.cc:44] Successfully opened dynamic library libcudnn.so.7
2020-08-04 17:27:55.498399: I tensorflow/core/common_runtime/gpu/gpu_device.cc:1697] Adding visible gpu devices: 0
2020-08-04 17:27:55.505400: I tensorflow/stream_executor/platform/default/dso_loader.cc:44] Successfully opened dynamic library libcudart.so.10.1
2020-08-04 17:27:55.511936: I tensorflow/core/common_runtime/gpu/gpu_device.cc:1096] Device interconnect StreamExecutor with strength 1 edge matrix:
2020-08-04 17:27:55.511971: I tensorflow/core/common_runtime/gpu/gpu_device.cc:1102]      0 
2020-08-04 17:27:55.511988: I tensorflow/core/common_runtime/gpu/gpu_device.cc:1115] 0:   N 
2020-08-04 17:27:55.520641: I tensorflow/core/common_runtime/gpu/gpu_device.cc:1241] Created TensorFlow device (/job:localhost/replica:0/task:0/device:GPU:0 with 10489 MB memory) -> physical GPU (device: 0, name: GeForce GTX 1080 Ti, pci bus id: 0000:05:00.0, compute capability: 6.1)
Model: "encoder"
__________________________________________________________________________________________________
Layer (type)                    Output Shape         Param #     Connected to                     
==================================================================================================
encoder_input (InputLayer)      [(None, 54, 54)]     0                                            
__________________________________________________________________________________________________
dropout (Dropout)               (None, 54, 54)       0           encoder_input[0][0]              
__________________________________________________________________________________________________
lambda (Lambda)                 (None, 54, 54, 1)    0           dropout[0][0]                    
__________________________________________________________________________________________________
conv2d (Conv2D)                 (None, 52, 52, 6)    60          lambda[0][0]                     
__________________________________________________________________________________________________
conv2d_1 (Conv2D)               (None, 50, 50, 10)   550         conv2d[0][0]                     
__________________________________________________________________________________________________
conv2d_2 (Conv2D)               (None, 48, 48, 14)   1274        conv2d_1[0][0]                   
__________________________________________________________________________________________________
average_pooling2d (AveragePooli (None, 24, 24, 14)   0           conv2d_2[0][0]                   
__________________________________________________________________________________________________
flatten (Flatten)               (None, 8064)         0           average_pooling2d[0][0]          
__________________________________________________________________________________________________
dense (Dense)                   (None, 474)          3822810     flatten[0][0]                    
__________________________________________________________________________________________________
dense_1 (Dense)                 (None, 192)          91200       dense[0][0]                      
__________________________________________________________________________________________________
z_mean (Dense)                  (None, 10)           1930        dense_1[0][0]                    
__________________________________________________________________________________________________
z_log_var (Dense)               (None, 10)           1930        dense_1[0][0]                    
__________________________________________________________________________________________________
sampling (Sampling)             (None, 10)           0           z_mean[0][0]                     
                                                                 z_log_var[0][0]                  
==================================================================================================
Total params: 3,919,754
Trainable params: 3,919,754
Non-trainable params: 0
__________________________________________________________________________________________________
Model: "decoder"
_________________________________________________________________
Layer (type)                 Output Shape              Param #   
=================================================================
z_sampling (InputLayer)      [(None, 10)]              0         
_________________________________________________________________
dense_2 (Dense)              (None, 192)               2112      
_________________________________________________________________
dense_3 (Dense)              (None, 474)               91482     
_________________________________________________________________
dense_4 (Dense)              (None, 8064)              3830400   
_________________________________________________________________
reshape (Reshape)            (None, 24, 24, 14)        0         
_________________________________________________________________
up_sampling2d (UpSampling2D) (None, 48, 48, 14)        0         
_________________________________________________________________
conv2d_transpose (Conv2DTran (None, 50, 50, 14)        1778      
_________________________________________________________________
conv2d_transpose_1 (Conv2DTr (None, 52, 52, 10)        1270      
_________________________________________________________________
conv2d_transpose_2 (Conv2DTr (None, 54, 54, 6)         546       
_________________________________________________________________
dropout_1 (Dropout)          (None, 54, 54, 6)         0         
_________________________________________________________________
decoder_output (Conv2DTransp (None, 54, 54, 1)         55        
_________________________________________________________________
lambda_1 (Lambda)            (None, 54, 54)            0         
=================================================================
Total params: 3,927,643
Trainable params: 3,927,643
Non-trainable params: 0
_________________________________________________________________
Model: "vae"
__________________________________________________________________________________________________
Layer (type)                    Output Shape         Param #     Connected to                     
==================================================================================================
encoder_input (InputLayer)      [(None, 54, 54)]     0                                            
__________________________________________________________________________________________________
dropout (Dropout)               (None, 54, 54)       0           encoder_input[0][0]              
__________________________________________________________________________________________________
lambda (Lambda)                 (None, 54, 54, 1)    0           dropout[0][0]                    
__________________________________________________________________________________________________
conv2d (Conv2D)                 (None, 52, 52, 6)    60          lambda[0][0]                     
__________________________________________________________________________________________________
conv2d_1 (Conv2D)               (None, 50, 50, 10)   550         conv2d[0][0]                     
__________________________________________________________________________________________________
conv2d_2 (Conv2D)               (None, 48, 48, 14)   1274        conv2d_1[0][0]                   
__________________________________________________________________________________________________
average_pooling2d (AveragePooli (None, 24, 24, 14)   0           conv2d_2[0][0]                   
__________________________________________________________________________________________________
flatten (Flatten)               (None, 8064)         0           average_pooling2d[0][0]          
__________________________________________________________________________________________________
dense (Dense)                   (None, 474)          3822810     flatten[0][0]                    
__________________________________________________________________________________________________
dense_1 (Dense)                 (None, 192)          91200       dense[0][0]                      
__________________________________________________________________________________________________
z_mean (Dense)                  (None, 10)           1930        dense_1[0][0]                    
__________________________________________________________________________________________________
z_log_var (Dense)               (None, 10)           1930        dense_1[0][0]                    
__________________________________________________________________________________________________
sampling (Sampling)             (None, 10)           0           z_mean[0][0]                     
                                                                 z_log_var[0][0]                  
__________________________________________________________________________________________________
decoder (Model)                 (None, 54, 54)       3927643     sampling[0][0]                   
==================================================================================================
Total params: 7,847,397
Trainable params: 7,847,397
Non-trainable params: 0
__________________________________________________________________________________________________
Train on 1800000 samples, validate on 600000 samples
Epoch 1/100
2020-08-04 17:28:09.077124: I tensorflow/stream_executor/platform/default/dso_loader.cc:44] Successfully opened dynamic library libcublas.so.10
2020-08-04 17:28:09.942553: I tensorflow/stream_executor/platform/default/dso_loader.cc:44] Successfully opened dynamic library libcudnn.so.7
1800000/1800000 - 343s - loss: 0.2214 - mse_loss_fun: 0.2214 - kl_loss_fun: 2.1552e-05 - val_loss: 0.2194 - val_mse_loss_fun: 0.2194 - val_kl_loss_fun: 5.9605e-08
Epoch 2/100
1800000/1800000 - 331s - loss: 0.2209 - mse_loss_fun: 0.2209 - kl_loss_fun: 1.6937e-07 - val_loss: 0.2191 - val_mse_loss_fun: 0.2191 - val_kl_loss_fun: 0.0000e+00
Epoch 3/100
1800000/1800000 - 327s - loss: 0.2209 - mse_loss_fun: 0.2209 - kl_loss_fun: 6.6318e-08 - val_loss: 0.2190 - val_mse_loss_fun: 0.2190 - val_kl_loss_fun: 0.0000e+00
Epoch 4/100
1800000/1800000 - 330s - loss: 0.2209 - mse_loss_fun: 0.2209 - kl_loss_fun: 3.1468e-08 - val_loss: 0.2192 - val_mse_loss_fun: 0.2192 - val_kl_loss_fun: 1.7881e-07
Epoch 5/100

Epoch 00005: ReduceLROnPlateau reducing learning rate to 0.00010000000474974513.
1800000/1800000 - 327s - loss: 0.2209 - mse_loss_fun: 0.2209 - kl_loss_fun: 2.8163e-08 - val_loss: 0.2191 - val_mse_loss_fun: 0.2191 - val_kl_loss_fun: 0.0000e+00
Epoch 6/100
