setGPU: Setting GPU to: 0
2020-07-29 15:15:13.413225: W tensorflow/stream_executor/platform/default/dso_loader.cc:55] Could not load dynamic library 'libnvinfer.so.6'; dlerror: libnvinfer.so.6: cannot open shared object file: No such file or directory; LD_LIBRARY_PATH: :/afs/cern.ch/user/k/kiwoznia/.local/lib:/afs/cern.ch/user/k/kiwoznia/software/cuda/lib64:/usr/local/cuda-10.1/lib64
2020-07-29 15:15:13.413735: W tensorflow/stream_executor/platform/default/dso_loader.cc:55] Could not load dynamic library 'libnvinfer_plugin.so.6'; dlerror: libnvinfer_plugin.so.6: cannot open shared object file: No such file or directory; LD_LIBRARY_PATH: :/afs/cern.ch/user/k/kiwoznia/.local/lib:/afs/cern.ch/user/k/kiwoznia/software/cuda/lib64:/usr/local/cuda-10.1/lib64
2020-07-29 15:15:13.413752: W tensorflow/compiler/tf2tensorrt/utils/py_utils.cc:30] Cannot dlopen some TensorRT libraries. If you would like to use Nvidia GPU with TensorRT, please make sure the missing libraries mentioned above are installed properly.
=== reading images from  /eos/user/k/kiwoznia/data/VAE_data/march_2020_data/input/images/54px/qcd_sqrtshatTeV_13TeV_PU40_SIDEBAND_mjj_cut_1.2M_pt_img_54px.h5  ===
read  1200000  jet 1 images and  1200000  jet 2 images
2020-07-29 15:18:41.321439: I tensorflow/stream_executor/platform/default/dso_loader.cc:44] Successfully opened dynamic library libcuda.so.1
2020-07-29 15:18:46.499235: I tensorflow/core/common_runtime/gpu/gpu_device.cc:1555] Found device 0 with properties: 
pciBusID: 0000:04:00.0 name: GeForce GTX 1080 Ti computeCapability: 6.1
coreClock: 1.582GHz coreCount: 28 deviceMemorySize: 10.92GiB deviceMemoryBandwidth: 451.17GiB/s
2020-07-29 15:18:46.501273: I tensorflow/stream_executor/platform/default/dso_loader.cc:44] Successfully opened dynamic library libcudart.so.10.1
2020-07-29 15:18:46.532382: I tensorflow/stream_executor/platform/default/dso_loader.cc:44] Successfully opened dynamic library libcublas.so.10
2020-07-29 15:18:46.546601: I tensorflow/stream_executor/platform/default/dso_loader.cc:44] Successfully opened dynamic library libcufft.so.10
2020-07-29 15:18:46.550271: I tensorflow/stream_executor/platform/default/dso_loader.cc:44] Successfully opened dynamic library libcurand.so.10
2020-07-29 15:18:46.570006: I tensorflow/stream_executor/platform/default/dso_loader.cc:44] Successfully opened dynamic library libcusolver.so.10
2020-07-29 15:18:46.574913: I tensorflow/stream_executor/platform/default/dso_loader.cc:44] Successfully opened dynamic library libcusparse.so.10
2020-07-29 15:18:46.584909: I tensorflow/stream_executor/platform/default/dso_loader.cc:44] Successfully opened dynamic library libcudnn.so.7
2020-07-29 15:18:46.587783: I tensorflow/core/common_runtime/gpu/gpu_device.cc:1697] Adding visible gpu devices: 0
2020-07-29 15:18:46.588543: I tensorflow/core/platform/cpu_feature_guard.cc:142] Your CPU supports instructions that this TensorFlow binary was not compiled to use: AVX2 FMA
2020-07-29 15:18:46.619244: I tensorflow/core/platform/profile_utils/cpu_utils.cc:94] CPU Frequency: 2199830000 Hz
2020-07-29 15:18:46.626533: I tensorflow/compiler/xla/service/service.cc:168] XLA service 0x161ef4e0 initialized for platform Host (this does not guarantee that XLA will be used). Devices:
2020-07-29 15:18:46.626597: I tensorflow/compiler/xla/service/service.cc:176]   StreamExecutor device (0): Host, Default Version
2020-07-29 15:18:46.770779: I tensorflow/compiler/xla/service/service.cc:168] XLA service 0x161b4ff0 initialized for platform CUDA (this does not guarantee that XLA will be used). Devices:
2020-07-29 15:18:46.770822: I tensorflow/compiler/xla/service/service.cc:176]   StreamExecutor device (0): GeForce GTX 1080 Ti, Compute Capability 6.1
2020-07-29 15:18:46.772296: I tensorflow/core/common_runtime/gpu/gpu_device.cc:1555] Found device 0 with properties: 
pciBusID: 0000:04:00.0 name: GeForce GTX 1080 Ti computeCapability: 6.1
coreClock: 1.582GHz coreCount: 28 deviceMemorySize: 10.92GiB deviceMemoryBandwidth: 451.17GiB/s
2020-07-29 15:18:46.772375: I tensorflow/stream_executor/platform/default/dso_loader.cc:44] Successfully opened dynamic library libcudart.so.10.1
2020-07-29 15:18:46.772404: I tensorflow/stream_executor/platform/default/dso_loader.cc:44] Successfully opened dynamic library libcublas.so.10
2020-07-29 15:18:46.772429: I tensorflow/stream_executor/platform/default/dso_loader.cc:44] Successfully opened dynamic library libcufft.so.10
2020-07-29 15:18:46.772452: I tensorflow/stream_executor/platform/default/dso_loader.cc:44] Successfully opened dynamic library libcurand.so.10
2020-07-29 15:18:46.772476: I tensorflow/stream_executor/platform/default/dso_loader.cc:44] Successfully opened dynamic library libcusolver.so.10
2020-07-29 15:18:46.772500: I tensorflow/stream_executor/platform/default/dso_loader.cc:44] Successfully opened dynamic library libcusparse.so.10
2020-07-29 15:18:46.772524: I tensorflow/stream_executor/platform/default/dso_loader.cc:44] Successfully opened dynamic library libcudnn.so.7
2020-07-29 15:18:46.774864: I tensorflow/core/common_runtime/gpu/gpu_device.cc:1697] Adding visible gpu devices: 0
2020-07-29 15:18:46.774926: I tensorflow/stream_executor/platform/default/dso_loader.cc:44] Successfully opened dynamic library libcudart.so.10.1
2020-07-29 15:18:46.777362: I tensorflow/core/common_runtime/gpu/gpu_device.cc:1096] Device interconnect StreamExecutor with strength 1 edge matrix:
2020-07-29 15:18:46.777388: I tensorflow/core/common_runtime/gpu/gpu_device.cc:1102]      0 
2020-07-29 15:18:46.777403: I tensorflow/core/common_runtime/gpu/gpu_device.cc:1115] 0:   N 
2020-07-29 15:18:46.779959: I tensorflow/core/common_runtime/gpu/gpu_device.cc:1241] Created TensorFlow device (/job:localhost/replica:0/task:0/device:GPU:0 with 10481 MB memory) -> physical GPU (device: 0, name: GeForce GTX 1080 Ti, pci bus id: 0000:04:00.0, compute capability: 6.1)
Model: "encoder"
__________________________________________________________________________________________________
Layer (type)                    Output Shape         Param #     Connected to                     
==================================================================================================
encoder_input (InputLayer)      [(None, 54, 54)]     0                                            
__________________________________________________________________________________________________
lambda (Lambda)                 (None, 54, 54, 1)    0           encoder_input[0][0]              
__________________________________________________________________________________________________
conv2d (Conv2D)                 (None, 52, 52, 32)   320         lambda[0][0]                     
__________________________________________________________________________________________________
average_pooling2d (AveragePooli (None, 26, 26, 32)   0           conv2d[0][0]                     
__________________________________________________________________________________________________
conv2d_1 (Conv2D)               (None, 24, 24, 32)   9248        average_pooling2d[0][0]          
__________________________________________________________________________________________________
average_pooling2d_1 (AveragePoo (None, 12, 12, 32)   0           conv2d_1[0][0]                   
__________________________________________________________________________________________________
conv2d_2 (Conv2D)               (None, 10, 10, 32)   9248        average_pooling2d_1[0][0]        
__________________________________________________________________________________________________
average_pooling2d_2 (AveragePoo (None, 5, 5, 32)     0           conv2d_2[0][0]                   
__________________________________________________________________________________________________
flatten (Flatten)               (None, 800)          0           average_pooling2d_2[0][0]        
__________________________________________________________________________________________________
dense (Dense)                   (None, 128)          102528      flatten[0][0]                    
__________________________________________________________________________________________________
z_mean (Dense)                  (None, 10)           1290        dense[0][0]                      
__________________________________________________________________________________________________
z_log_var (Dense)               (None, 10)           1290        dense[0][0]                      
__________________________________________________________________________________________________
sampling (Sampling)             (None, 10)           0           z_mean[0][0]                     
                                                                 z_log_var[0][0]                  
==================================================================================================
Total params: 123,924
Trainable params: 123,924
Non-trainable params: 0
__________________________________________________________________________________________________
Model: "decoder"
_________________________________________________________________
Layer (type)                 Output Shape              Param #   
=================================================================
z_sampling (InputLayer)      [(None, 10)]              0         
_________________________________________________________________
dense_1 (Dense)              (None, 128)               1408      
_________________________________________________________________
dense_2 (Dense)              (None, 800)               103200    
_________________________________________________________________
reshape (Reshape)            (None, 5, 5, 32)          0         
_________________________________________________________________
up_sampling2d (UpSampling2D) (None, 10, 10, 32)        0         
_________________________________________________________________
conv2d_transpose (Conv2DTran (None, 12, 12, 32)        9248      
_________________________________________________________________
up_sampling2d_1 (UpSampling2 (None, 24, 24, 32)        0         
_________________________________________________________________
conv2d_transpose_1 (Conv2DTr (None, 26, 26, 32)        9248      
_________________________________________________________________
up_sampling2d_2 (UpSampling2 (None, 52, 52, 32)        0         
_________________________________________________________________
conv2d_transpose_2 (Conv2DTr (None, 54, 54, 32)        9248      
_________________________________________________________________
decoder_output (Conv2DTransp (None, 54, 54, 1)         289       
_________________________________________________________________
lambda_1 (Lambda)            (None, 54, 54)            0         
=================================================================
Total params: 132,641
Trainable params: 132,641
Non-trainable params: 0
_________________________________________________________________
Model: "vae"
__________________________________________________________________________________________________
Layer (type)                    Output Shape         Param #     Connected to                     
==================================================================================================
encoder_input (InputLayer)      [(None, 54, 54)]     0                                            
__________________________________________________________________________________________________
lambda (Lambda)                 (None, 54, 54, 1)    0           encoder_input[0][0]              
__________________________________________________________________________________________________
conv2d (Conv2D)                 (None, 52, 52, 32)   320         lambda[0][0]                     
__________________________________________________________________________________________________
average_pooling2d (AveragePooli (None, 26, 26, 32)   0           conv2d[0][0]                     
__________________________________________________________________________________________________
conv2d_1 (Conv2D)               (None, 24, 24, 32)   9248        average_pooling2d[0][0]          
__________________________________________________________________________________________________
average_pooling2d_1 (AveragePoo (None, 12, 12, 32)   0           conv2d_1[0][0]                   
__________________________________________________________________________________________________
conv2d_2 (Conv2D)               (None, 10, 10, 32)   9248        average_pooling2d_1[0][0]        
__________________________________________________________________________________________________
average_pooling2d_2 (AveragePoo (None, 5, 5, 32)     0           conv2d_2[0][0]                   
__________________________________________________________________________________________________
flatten (Flatten)               (None, 800)          0           average_pooling2d_2[0][0]        
__________________________________________________________________________________________________
dense (Dense)                   (None, 128)          102528      flatten[0][0]                    
__________________________________________________________________________________________________
z_mean (Dense)                  (None, 10)           1290        dense[0][0]                      
__________________________________________________________________________________________________
z_log_var (Dense)               (None, 10)           1290        dense[0][0]                      
__________________________________________________________________________________________________
sampling (Sampling)             (None, 10)           0           z_mean[0][0]                     
                                                                 z_log_var[0][0]                  
__________________________________________________________________________________________________
decoder (Model)                 (None, 54, 54)       132641      sampling[0][0]                   
==================================================================================================
Total params: 256,565
Trainable params: 256,565
Non-trainable params: 0
__________________________________________________________________________________________________
Train on 1800000 samples, validate on 600000 samples
Epoch 1/100
2020-07-29 15:18:49.556715: I tensorflow/stream_executor/platform/default/dso_loader.cc:44] Successfully opened dynamic library libcublas.so.10
2020-07-29 15:18:49.830445: I tensorflow/stream_executor/platform/default/dso_loader.cc:44] Successfully opened dynamic library libcudnn.so.7
1800000/1800000 - 301s - loss: 0.2461 - mse_loss: 0.2461 - loss_1: 7.0952e-05 - val_loss: 0.2461 - val_mse_loss: 0.2461 - val_loss_1: 1.3817e-07
Epoch 2/100
1800000/1800000 - 296s - loss: 0.2461 - mse_loss: 0.2461 - loss_1: 1.1486e-07 - val_loss: 0.2461 - val_mse_loss: 0.2461 - val_loss_1: 1.0018e-07
Epoch 3/100

Epoch 00003: ReduceLROnPlateau reducing learning rate to 0.00010000000474974513.
1800000/1800000 - 300s - loss: 0.2461 - mse_loss: 0.2461 - loss_1: 9.3220e-08 - val_loss: 0.2461 - val_mse_loss: 0.2461 - val_loss_1: 8.6940e-08
Epoch 4/100
1800000/1800000 - 313s - loss: 0.2461 - mse_loss: 0.2461 - loss_1: 8.6646e-08 - val_loss: 0.2461 - val_mse_loss: 0.2461 - val_loss_1: 8.6414e-08
Epoch 5/100

Epoch 00005: ReduceLROnPlateau reducing learning rate to 1.0000000474974514e-05.
1800000/1800000 - 317s - loss: 0.2461 - mse_loss: 0.2461 - loss_1: 8.5843e-08 - val_loss: 0.2461 - val_mse_loss: 0.2461 - val_loss_1: 8.5545e-08
Epoch 6/100
1800000/1800000 - 299s - loss: 0.2461 - mse_loss: 0.2461 - loss_1: 8.5351e-08 - val_loss: 0.2461 - val_mse_loss: 0.2461 - val_loss_1: 8.5547e-08
Epoch 7/100
