setGPU: Setting GPU to: 0
2020-08-31 17:29:42.825184: W tensorflow/stream_executor/platform/default/dso_loader.cc:55] Could not load dynamic library 'libnvinfer.so.6'; dlerror: libnvinfer.so.6: cannot open shared object file: No such file or directory; LD_LIBRARY_PATH: :/afs/cern.ch/user/k/kiwoznia/.local/lib:/afs/cern.ch/user/k/kiwoznia/software/cuda/lib64:/eos/home-k/kiwoznia/software/cuda-10.1/lib64:/usr/local/cuda-10.1/lib64
2020-08-31 17:29:42.827391: W tensorflow/stream_executor/platform/default/dso_loader.cc:55] Could not load dynamic library 'libnvinfer_plugin.so.6'; dlerror: libnvinfer_plugin.so.6: cannot open shared object file: No such file or directory; LD_LIBRARY_PATH: :/afs/cern.ch/user/k/kiwoznia/.local/lib:/afs/cern.ch/user/k/kiwoznia/software/cuda/lib64:/eos/home-k/kiwoznia/software/cuda-10.1/lib64:/usr/local/cuda-10.1/lib64
2020-08-31 17:29:42.827422: W tensorflow/compiler/tf2tensorrt/utils/py_utils.cc:30] Cannot dlopen some TensorRT libraries. If you would like to use Nvidia GPU with TensorRT, please make sure the missing libraries mentioned above are installed properly.
2020-08-31 17:29:45.251379: I tensorflow/stream_executor/platform/default/dso_loader.cc:44] Successfully opened dynamic library libcuda.so.1
2020-08-31 17:29:48.533014: I tensorflow/core/common_runtime/gpu/gpu_device.cc:1555] Found device 0 with properties: 
pciBusID: 0000:04:00.0 name: GeForce GTX 1080 Ti computeCapability: 6.1
coreClock: 1.582GHz coreCount: 28 deviceMemorySize: 10.92GiB deviceMemoryBandwidth: 451.17GiB/s
2020-08-31 17:29:48.545044: I tensorflow/stream_executor/platform/default/dso_loader.cc:44] Successfully opened dynamic library libcudart.so.10.1
2020-08-31 17:29:48.566452: I tensorflow/stream_executor/platform/default/dso_loader.cc:44] Successfully opened dynamic library libcublas.so.10
2020-08-31 17:29:48.578385: I tensorflow/stream_executor/platform/default/dso_loader.cc:44] Successfully opened dynamic library libcufft.so.10
2020-08-31 17:29:48.588988: I tensorflow/stream_executor/platform/default/dso_loader.cc:44] Successfully opened dynamic library libcurand.so.10
2020-08-31 17:29:48.604562: I tensorflow/stream_executor/platform/default/dso_loader.cc:44] Successfully opened dynamic library libcusolver.so.10
2020-08-31 17:29:48.616212: I tensorflow/stream_executor/platform/default/dso_loader.cc:44] Successfully opened dynamic library libcusparse.so.10
2020-08-31 17:29:48.623513: I tensorflow/stream_executor/platform/default/dso_loader.cc:44] Successfully opened dynamic library libcudnn.so.7
2020-08-31 17:29:48.626660: I tensorflow/core/common_runtime/gpu/gpu_device.cc:1697] Adding visible gpu devices: 0
2020-08-31 17:29:48.627216: I tensorflow/core/platform/cpu_feature_guard.cc:142] Your CPU supports instructions that this TensorFlow binary was not compiled to use: AVX2 FMA
2020-08-31 17:29:48.645878: I tensorflow/core/platform/profile_utils/cpu_utils.cc:94] CPU Frequency: 2200050000 Hz
2020-08-31 17:29:48.653175: I tensorflow/compiler/xla/service/service.cc:168] XLA service 0x5f70b70 initialized for platform Host (this does not guarantee that XLA will be used). Devices:
2020-08-31 17:29:48.653228: I tensorflow/compiler/xla/service/service.cc:176]   StreamExecutor device (0): Host, Default Version
2020-08-31 17:29:48.803829: I tensorflow/compiler/xla/service/service.cc:168] XLA service 0x5795af0 initialized for platform CUDA (this does not guarantee that XLA will be used). Devices:
2020-08-31 17:29:48.803881: I tensorflow/compiler/xla/service/service.cc:176]   StreamExecutor device (0): GeForce GTX 1080 Ti, Compute Capability 6.1
2020-08-31 17:29:48.805553: I tensorflow/core/common_runtime/gpu/gpu_device.cc:1555] Found device 0 with properties: 
pciBusID: 0000:04:00.0 name: GeForce GTX 1080 Ti computeCapability: 6.1
coreClock: 1.582GHz coreCount: 28 deviceMemorySize: 10.92GiB deviceMemoryBandwidth: 451.17GiB/s
2020-08-31 17:29:48.805645: I tensorflow/stream_executor/platform/default/dso_loader.cc:44] Successfully opened dynamic library libcudart.so.10.1
2020-08-31 17:29:48.805675: I tensorflow/stream_executor/platform/default/dso_loader.cc:44] Successfully opened dynamic library libcublas.so.10
2020-08-31 17:29:48.805697: I tensorflow/stream_executor/platform/default/dso_loader.cc:44] Successfully opened dynamic library libcufft.so.10
2020-08-31 17:29:48.805718: I tensorflow/stream_executor/platform/default/dso_loader.cc:44] Successfully opened dynamic library libcurand.so.10
2020-08-31 17:29:48.805738: I tensorflow/stream_executor/platform/default/dso_loader.cc:44] Successfully opened dynamic library libcusolver.so.10
2020-08-31 17:29:48.805761: I tensorflow/stream_executor/platform/default/dso_loader.cc:44] Successfully opened dynamic library libcusparse.so.10
2020-08-31 17:29:48.805784: I tensorflow/stream_executor/platform/default/dso_loader.cc:44] Successfully opened dynamic library libcudnn.so.7
2020-08-31 17:29:48.808603: I tensorflow/core/common_runtime/gpu/gpu_device.cc:1697] Adding visible gpu devices: 0
2020-08-31 17:29:48.808659: I tensorflow/stream_executor/platform/default/dso_loader.cc:44] Successfully opened dynamic library libcudart.so.10.1
2020-08-31 17:29:48.811039: I tensorflow/core/common_runtime/gpu/gpu_device.cc:1096] Device interconnect StreamExecutor with strength 1 edge matrix:
2020-08-31 17:29:48.811063: I tensorflow/core/common_runtime/gpu/gpu_device.cc:1102]      0 
2020-08-31 17:29:48.811076: I tensorflow/core/common_runtime/gpu/gpu_device.cc:1115] 0:   N 
2020-08-31 17:29:48.814131: I tensorflow/core/common_runtime/gpu/gpu_device.cc:1241] Created TensorFlow device (/job:localhost/replica:0/task:0/device:GPU:0 with 10489 MB memory) -> physical GPU (device: 0, name: GeForce GTX 1080 Ti, pci bus id: 0000:04:00.0, compute capability: 6.1)
WARNING:tensorflow:No training configuration found in save file: the model was *not* compiled. Compile it manually.
WARNING:tensorflow:No training configuration found in save file: the model was *not* compiled. Compile it manually.
/eos/user/k/kiwoznia/data/VAE_data/events/RSGraviton_WW_NARROW_13TeV_PU40_3.5TeV_parts/RSGraviton_WW_NARROW_13TeV_PU40_3.5TeV_concat_000.h5: 257745 j1 evts, 257745 j2 evts
predicting $G(3.5 TeV)\to WW$ narrow
2020-08-31 17:30:15.044719: I tensorflow/stream_executor/platform/default/dso_loader.cc:44] Successfully opened dynamic library libcublas.so.10
2020-08-31 17:30:15.229431: I tensorflow/stream_executor/platform/default/dso_loader.cc:44] Successfully opened dynamic library libcudnn.so.7
2020-08-31 17:30:16.180101: W tensorflow/stream_executor/gpu/redzone_allocator.cc:312] Not found: ./bin/ptxas not found
Relying on driver to perform ptx compilation. This message will be only logged once.
writing results for $G(3.5 TeV)\to WW$ narrow reco to /eos/home-k/kiwoznia/dev/autoencoder_for_anomaly/convolutional_VAE/results/run_101/RSGraviton_WW_NARROW_13TeV_PU40_3.5TeV_parts/RSGraviton_WW_NARROW_13TeV_PU40_3.5TeV_concat_000.h5
/eos/user/k/kiwoznia/data/VAE_data/events/RSGraviton_WW_NARROW_13TeV_PU40_3.5TeV_parts/RSGraviton_WW_NARROW_13TeV_PU40_3.5TeV_concat_001.h5: 257744 j1 evts, 257744 j2 evts
predicting $G(3.5 TeV)\to WW$ narrow
writing results for $G(3.5 TeV)\to WW$ narrow reco to /eos/home-k/kiwoznia/dev/autoencoder_for_anomaly/convolutional_VAE/results/run_101/RSGraviton_WW_NARROW_13TeV_PU40_3.5TeV_parts/RSGraviton_WW_NARROW_13TeV_PU40_3.5TeV_concat_001.h5
/eos/user/k/kiwoznia/data/VAE_data/events/RSGraviton_WW_BROAD_13TeV_PU40_3.5TeV_parts/RSGraviton_WW_BROAD_13TeV_PU40_3.5TeV_concat_000.h5: 251910 j1 evts, 251910 j2 evts
predicting $G(3.5 TeV)\to WW$ broad
writing results for $G(3.5 TeV)\to WW$ broad reco to /eos/home-k/kiwoznia/dev/autoencoder_for_anomaly/convolutional_VAE/results/run_101/RSGraviton_WW_BROAD_13TeV_PU40_3.5TeV_parts/RSGraviton_WW_BROAD_13TeV_PU40_3.5TeV_concat_000.h5
/eos/user/k/kiwoznia/data/VAE_data/events/RSGraviton_WW_BROAD_13TeV_PU40_3.5TeV_parts/RSGraviton_WW_BROAD_13TeV_PU40_3.5TeV_concat_001.h5: 251910 j1 evts, 251910 j2 evts
predicting $G(3.5 TeV)\to WW$ broad
writing results for $G(3.5 TeV)\to WW$ broad reco to /eos/home-k/kiwoznia/dev/autoencoder_for_anomaly/convolutional_VAE/results/run_101/RSGraviton_WW_BROAD_13TeV_PU40_3.5TeV_parts/RSGraviton_WW_BROAD_13TeV_PU40_3.5TeV_concat_001.h5
