setGPU: Setting GPU to: 0
2020-11-20 18:24:56.473597: W tensorflow/stream_executor/platform/default/dso_loader.cc:55] Could not load dynamic library 'libnvinfer.so.6'; dlerror: libnvinfer.so.6: cannot open shared object file: No such file or directory; LD_LIBRARY_PATH: /usr/local/cuda-10.1/lib64::/afs/cern.ch/user/k/kiwoznia/.local/lib:/afs/cern.ch/user/k/kiwoznia/software/cuda/lib64:/eos/home-k/kiwoznia/software/cuda-10.1/lib64:/usr/local/cuda-10.1/lib64
2020-11-20 18:24:56.476731: W tensorflow/stream_executor/platform/default/dso_loader.cc:55] Could not load dynamic library 'libnvinfer_plugin.so.6'; dlerror: libnvinfer_plugin.so.6: cannot open shared object file: No such file or directory; LD_LIBRARY_PATH: /usr/local/cuda-10.1/lib64::/afs/cern.ch/user/k/kiwoznia/.local/lib:/afs/cern.ch/user/k/kiwoznia/software/cuda/lib64:/eos/home-k/kiwoznia/software/cuda-10.1/lib64:/usr/local/cuda-10.1/lib64
2020-11-20 18:24:56.476767: W tensorflow/compiler/tf2tensorrt/utils/py_utils.cc:30] Cannot dlopen some TensorRT libraries. If you would like to use Nvidia GPU with TensorRT, please make sure the missing libraries mentioned above are installed properly.
tensorflow version:  2.1.0
reading /eos/user/k/kiwoznia/data/VAE_data/events/qcd_sqrtshatTeV_13TeV_PU40_NEW_sideband_parts

num files read in dir  /eos/user/k/kiwoznia/data/VAE_data/events/qcd_sqrtshatTeV_13TeV_PU40_NEW_sideband_parts :  2
computed mean [-3.0852025e-04 -8.0044811e-06  2.8349175e+00] and std-dev [ 0.20823258  0.21253183 14.768446  ]
reading /eos/user/k/kiwoznia/data/VAE_data/events/qcd_sqrtshatTeV_13TeV_PU40_NEW_EXT_sideband_parts

num files read in dir  /eos/user/k/kiwoznia/data/VAE_data/events/qcd_sqrtshatTeV_13TeV_PU40_NEW_EXT_sideband_parts :  1
2020-11-20 18:26:57.142568: I tensorflow/stream_executor/platform/default/dso_loader.cc:44] Successfully opened dynamic library libcuda.so.1
2020-11-20 18:27:02.081812: I tensorflow/core/common_runtime/gpu/gpu_device.cc:1555] Found device 0 with properties: 
pciBusID: 0000:05:00.0 name: GeForce GTX 1080 Ti computeCapability: 6.1
coreClock: 1.582GHz coreCount: 28 deviceMemorySize: 10.92GiB deviceMemoryBandwidth: 451.17GiB/s
2020-11-20 18:27:02.082498: I tensorflow/stream_executor/platform/default/dso_loader.cc:44] Successfully opened dynamic library libcudart.so.10.1
2020-11-20 18:27:02.092258: I tensorflow/stream_executor/platform/default/dso_loader.cc:44] Successfully opened dynamic library libcublas.so.10
2020-11-20 18:27:02.095380: I tensorflow/stream_executor/platform/default/dso_loader.cc:44] Successfully opened dynamic library libcufft.so.10
2020-11-20 18:27:02.096313: I tensorflow/stream_executor/platform/default/dso_loader.cc:44] Successfully opened dynamic library libcurand.so.10
2020-11-20 18:27:02.099375: I tensorflow/stream_executor/platform/default/dso_loader.cc:44] Successfully opened dynamic library libcusolver.so.10
2020-11-20 18:27:02.100874: I tensorflow/stream_executor/platform/default/dso_loader.cc:44] Successfully opened dynamic library libcusparse.so.10
2020-11-20 18:27:02.108455: I tensorflow/stream_executor/platform/default/dso_loader.cc:44] Successfully opened dynamic library libcudnn.so.7
2020-11-20 18:27:02.110750: I tensorflow/core/common_runtime/gpu/gpu_device.cc:1697] Adding visible gpu devices: 0
2020-11-20 18:27:02.112130: I tensorflow/core/platform/cpu_feature_guard.cc:142] Your CPU supports instructions that this TensorFlow binary was not compiled to use: AVX2 FMA
2020-11-20 18:27:02.133794: I tensorflow/core/platform/profile_utils/cpu_utils.cc:94] CPU Frequency: 2199845000 Hz
2020-11-20 18:27:02.141547: I tensorflow/compiler/xla/service/service.cc:168] XLA service 0xa4f7150 initialized for platform Host (this does not guarantee that XLA will be used). Devices:
2020-11-20 18:27:02.141593: I tensorflow/compiler/xla/service/service.cc:176]   StreamExecutor device (0): Host, Default Version
2020-11-20 18:27:02.267099: I tensorflow/compiler/xla/service/service.cc:168] XLA service 0x4db3250 initialized for platform CUDA (this does not guarantee that XLA will be used). Devices:
2020-11-20 18:27:02.267177: I tensorflow/compiler/xla/service/service.cc:176]   StreamExecutor device (0): GeForce GTX 1080 Ti, Compute Capability 6.1
2020-11-20 18:27:02.269611: I tensorflow/core/common_runtime/gpu/gpu_device.cc:1555] Found device 0 with properties: 
pciBusID: 0000:05:00.0 name: GeForce GTX 1080 Ti computeCapability: 6.1
coreClock: 1.582GHz coreCount: 28 deviceMemorySize: 10.92GiB deviceMemoryBandwidth: 451.17GiB/s
2020-11-20 18:27:02.269707: I tensorflow/stream_executor/platform/default/dso_loader.cc:44] Successfully opened dynamic library libcudart.so.10.1
2020-11-20 18:27:02.269741: I tensorflow/stream_executor/platform/default/dso_loader.cc:44] Successfully opened dynamic library libcublas.so.10
2020-11-20 18:27:02.269769: I tensorflow/stream_executor/platform/default/dso_loader.cc:44] Successfully opened dynamic library libcufft.so.10
2020-11-20 18:27:02.269796: I tensorflow/stream_executor/platform/default/dso_loader.cc:44] Successfully opened dynamic library libcurand.so.10
2020-11-20 18:27:02.269822: I tensorflow/stream_executor/platform/default/dso_loader.cc:44] Successfully opened dynamic library libcusolver.so.10
2020-11-20 18:27:02.269849: I tensorflow/stream_executor/platform/default/dso_loader.cc:44] Successfully opened dynamic library libcusparse.so.10
2020-11-20 18:27:02.269876: I tensorflow/stream_executor/platform/default/dso_loader.cc:44] Successfully opened dynamic library libcudnn.so.7
2020-11-20 18:27:02.273308: I tensorflow/core/common_runtime/gpu/gpu_device.cc:1697] Adding visible gpu devices: 0
2020-11-20 18:27:02.273381: I tensorflow/stream_executor/platform/default/dso_loader.cc:44] Successfully opened dynamic library libcudart.so.10.1
2020-11-20 18:27:02.276464: I tensorflow/core/common_runtime/gpu/gpu_device.cc:1096] Device interconnect StreamExecutor with strength 1 edge matrix:
2020-11-20 18:27:02.276496: I tensorflow/core/common_runtime/gpu/gpu_device.cc:1102]      0 
2020-11-20 18:27:02.276515: I tensorflow/core/common_runtime/gpu/gpu_device.cc:1115] 0:   N 
2020-11-20 18:27:02.280130: I tensorflow/core/common_runtime/gpu/gpu_device.cc:1241] Created TensorFlow device (/job:localhost/replica:0/task:0/device:GPU:0 with 10489 MB memory) -> physical GPU (device: 0, name: GeForce GTX 1080 Ti, pci bus id: 0000:05:00.0, compute capability: 6.1)
Model: "encoder"
__________________________________________________________________________________________________
Layer (type)                    Output Shape         Param #     Connected to                     
==================================================================================================
encoder_input (InputLayer)      [(None, 100, 3)]     0                                            
__________________________________________________________________________________________________
lambda (Lambda)                 (None, 100, 3)       0           encoder_input[0][0]              
__________________________________________________________________________________________________
lambda_1 (Lambda)               (None, 100, 3, 1)    0           lambda[0][0]                     
__________________________________________________________________________________________________
conv2d (Conv2D)                 (None, 98, 1, 6)     60          lambda_1[0][0]                   
__________________________________________________________________________________________________
lambda_2 (Lambda)               (None, 98, 6)        0           conv2d[0][0]                     
__________________________________________________________________________________________________
conv1d (Conv1D)                 (None, 96, 10)       190         lambda_2[0][0]                   
__________________________________________________________________________________________________
conv1d_1 (Conv1D)               (None, 94, 14)       434         conv1d[0][0]                     
__________________________________________________________________________________________________
average_pooling1d (AveragePooli (None, 47, 14)       0           conv1d_1[0][0]                   
__________________________________________________________________________________________________
flatten (Flatten)               (None, 658)          0           average_pooling1d[0][0]          
__________________________________________________________________________________________________
dense (Dense)                   (None, 38)           25042       flatten[0][0]                    
__________________________________________________________________________________________________
dense_1 (Dense)                 (None, 15)           585         dense[0][0]                      
__________________________________________________________________________________________________
z_mean (Dense)                  (None, 10)           160         dense_1[0][0]                    
__________________________________________________________________________________________________
z_log_var (Dense)               (None, 10)           160         dense_1[0][0]                    
__________________________________________________________________________________________________
sampling (Sampling)             (None, 10)           0           z_mean[0][0]                     
                                                                 z_log_var[0][0]                  
==================================================================================================
Total params: 26,631
Trainable params: 26,631
Non-trainable params: 0
__________________________________________________________________________________________________
Model: "decoder"
_________________________________________________________________
Layer (type)                 Output Shape              Param #   
=================================================================
z_sampling (InputLayer)      [(None, 10)]              0         
_________________________________________________________________
dense_2 (Dense)              (None, 15)                165       
_________________________________________________________________
dense_3 (Dense)              (None, 38)                608       
_________________________________________________________________
dense_4 (Dense)              (None, 658)               25662     
_________________________________________________________________
reshape (Reshape)            (None, 47, 14)            0         
_________________________________________________________________
up_sampling1d (UpSampling1D) (None, 94, 14)            0         
_________________________________________________________________
conv1d_transpose (Conv1DTran (None, 96, 10)            430       
_________________________________________________________________
conv1d_transpose_1 (Conv1DTr (None, 98, 6)             186       
_________________________________________________________________
lambda_7 (Lambda)            (None, 98, 1, 6)          0         
_________________________________________________________________
conv_2d_transpose (Conv2DTra (None, 100, 3, 1)         55        
_________________________________________________________________
lambda_8 (Lambda)            (None, 100, 3)            0         
_________________________________________________________________
un_normalized_decoder_out (L (None, 100, 3)            0         
=================================================================
Total params: 27,106
Trainable params: 27,106
Non-trainable params: 0
_________________________________________________________________
Model: "vae"
__________________________________________________________________________________________________
Layer (type)                    Output Shape         Param #     Connected to                     
==================================================================================================
encoder_input (InputLayer)      [(None, 100, 3)]     0                                            
__________________________________________________________________________________________________
lambda (Lambda)                 (None, 100, 3)       0           encoder_input[0][0]              
__________________________________________________________________________________________________
lambda_1 (Lambda)               (None, 100, 3, 1)    0           lambda[0][0]                     
__________________________________________________________________________________________________
conv2d (Conv2D)                 (None, 98, 1, 6)     60          lambda_1[0][0]                   
__________________________________________________________________________________________________
lambda_2 (Lambda)               (None, 98, 6)        0           conv2d[0][0]                     
__________________________________________________________________________________________________
conv1d (Conv1D)                 (None, 96, 10)       190         lambda_2[0][0]                   
__________________________________________________________________________________________________
conv1d_1 (Conv1D)               (None, 94, 14)       434         conv1d[0][0]                     
__________________________________________________________________________________________________
average_pooling1d (AveragePooli (None, 47, 14)       0           conv1d_1[0][0]                   
__________________________________________________________________________________________________
flatten (Flatten)               (None, 658)          0           average_pooling1d[0][0]          
__________________________________________________________________________________________________
dense (Dense)                   (None, 38)           25042       flatten[0][0]                    
__________________________________________________________________________________________________
dense_1 (Dense)                 (None, 15)           585         dense[0][0]                      
__________________________________________________________________________________________________
z_mean (Dense)                  (None, 10)           160         dense_1[0][0]                    
__________________________________________________________________________________________________
z_log_var (Dense)               (None, 10)           160         dense_1[0][0]                    
__________________________________________________________________________________________________
sampling (Sampling)             (None, 10)           0           z_mean[0][0]                     
                                                                 z_log_var[0][0]                  
__________________________________________________________________________________________________
decoder (Model)                 (None, 100, 3)       27106       sampling[0][0]                   
==================================================================================================
Total params: 53,737
Trainable params: 53,737
Non-trainable params: 0
__________________________________________________________________________________________________
Epoch 1/300
reading /eos/user/k/kiwoznia/data/VAE_data/events/qcd_sqrtshatTeV_13TeV_PU40_NEW_sideband_parts

num files read for file part from  /eos/user/k/kiwoznia/data/VAE_data/events/qcd_sqrtshatTeV_13TeV_PU40_NEW_sideband_parts :  1
2020-11-20 18:27:34.988636: I tensorflow/stream_executor/platform/default/dso_loader.cc:44] Successfully opened dynamic library libcublas.so.10
2020-11-20 18:27:35.215997: I tensorflow/stream_executor/platform/default/dso_loader.cc:44] Successfully opened dynamic library libcudnn.so.7
Epoch 1/300
Traceback (most recent call last):
  File "main_train_particle_vae.py", line 48, in <module>
    vae.fit(data_train, epochs=300, validation_data=data_valid, verbose=2)
  File "/eos/home-k/kiwoznia/dev/autoencoder_for_anomaly/convolutional_VAE/vae/vae_particle.py", line 122, in fit
    self.history = self.model.fit(x_train, epochs=epochs, verbose=verbose, validation_data=validation_data, callbacks=callbacks)
  File "/afs/cern.ch/user/k/kiwoznia/.local/lib/python3.6/site-packages/tensorflow_core/python/keras/engine/training.py", line 819, in fit
    use_multiprocessing=use_multiprocessing)
  File "/afs/cern.ch/user/k/kiwoznia/.local/lib/python3.6/site-packages/tensorflow_core/python/keras/engine/training_generator.py", line 694, in fit
    steps_name='steps_per_epoch')
  File "/afs/cern.ch/user/k/kiwoznia/.local/lib/python3.6/site-packages/tensorflow_core/python/keras/engine/training_generator.py", line 323, in model_iteration
    steps_name='validation_steps')
  File "/afs/cern.ch/user/k/kiwoznia/.local/lib/python3.6/site-packages/tensorflow_core/python/keras/engine/training_generator.py", line 265, in model_iteration
    batch_outs = batch_function(*batch_data)
  File "/afs/cern.ch/user/k/kiwoznia/.local/lib/python3.6/site-packages/tensorflow_core/python/keras/engine/training.py", line 1211, in test_on_batch
    outputs = self.test_function(inputs)  # pylint: disable=not-callable
  File "/afs/cern.ch/user/k/kiwoznia/.local/lib/python3.6/site-packages/tensorflow_core/python/keras/backend.py", line 3727, in __call__
    outputs = self._graph_fn(*converted_inputs)
  File "/afs/cern.ch/user/k/kiwoznia/.local/lib/python3.6/site-packages/tensorflow_core/python/eager/function.py", line 1551, in __call__
    return self._call_impl(args, kwargs)
  File "/afs/cern.ch/user/k/kiwoznia/.local/lib/python3.6/site-packages/tensorflow_core/python/eager/function.py", line 1591, in _call_impl
    return self._call_flat(args, self.captured_inputs, cancellation_manager)
  File "/afs/cern.ch/user/k/kiwoznia/.local/lib/python3.6/site-packages/tensorflow_core/python/eager/function.py", line 1692, in _call_flat
    ctx, args, cancellation_manager=cancellation_manager))
  File "/afs/cern.ch/user/k/kiwoznia/.local/lib/python3.6/site-packages/tensorflow_core/python/eager/function.py", line 527, in call
    (len(args), len(list(self.signature.input_arg))))
ValueError: Arguments and signature arguments do not match. got: 31, expected: 32 
